#
# A fatal error has been detected by the Java Runtime Environment:
#
#  Internal Error (./open/src/hotspot/share/interpreter/oopMapCache.cpp:111), pid=15176, tid=12156
#  Error: ShouldNotReachHere()
#
# JRE version: Java(TM) SE Runtime Environment (15.0.2+7) (build 15.0.2+7-27)
# Java VM: Java HotSpot(TM) 64-Bit Server VM (15.0.2+7-27, mixed mode, sharing, tiered, compressed oops, g1 gc, windows-amd64)
# No core dump will be written. Minidumps are not enabled by default on client versions of Windows
#
# If you would like to submit a bug report, please visit:
#   https://bugreport.java.com/bugreport/crash.jsp
#

---------------  S U M M A R Y ------------

Command Line: -XX:+ShowCodeDetailsInExceptionMessages -agentlib:jdwp=transport=dt_socket,suspend=y,address=localhost:51371 -ea -javaagent:C:\Users\sousa\eclipse\java-2021-03\eclipse\configuration\org.eclipse.osgi\222\0\.cp\lib\javaagent-shaded.jar -Dfile.encoding=UTF-8 org.eclipse.jdt.internal.junit.runner.RemoteTestRunner -version 3 -port 51370 -testLoaderClass org.eclipse.jdt.internal.junit4.runner.JUnit4TestLoader -loaderpluginname org.eclipse.jdt.junit4.runtime -classNames sorting.test.StudentSortingTest

Host: Intel(R) Core(TM) i7-7700HQ CPU @ 2.80GHz, 8 cores, 15G,  Windows 10 , 64 bit Build 19041 (10.0.19041.1023)
Time: Wed Jul 21 16:40:39 2021 Hora Padrão de Buenos Aires elapsed time: 2970.130427 seconds (0d 0h 49m 30s)

---------------  T H R E A D  ---------------

Current thread (0x0000021140735b30):  JavaThread "JDWP Transport Listener: dt_socket" daemon [_thread_in_vm, id=12156, stack(0x000000e650f00000,0x000000e651000000)] _threads_hazard_ptr=0x000002114083fb10

Stack: [0x000000e650f00000,0x000000e651000000]
Native frames: (J=compiled Java code, j=interpreted, Vv=VM code, C=native code)
V  [jvm.dll+0x62ae9a]
V  [jvm.dll+0x7817a9]
V  [jvm.dll+0x782f03]
V  [jvm.dll+0x783517]
V  [jvm.dll+0x21628c]
V  [jvm.dll+0x2161d3]
V  [jvm.dll+0x619eea]
V  [jvm.dll+0x619ba3]
V  [jvm.dll+0x5df278]
V  [jvm.dll+0x77876f]
V  [jvm.dll+0x4f02e1]
V  [jvm.dll+0x7882b5]
V  [jvm.dll+0x4d40ea]
V  [jvm.dll+0x49526b]
C  [jdwp.dll+0x796b]


---------------  P R O C E S S  ---------------

Threads class SMR info:
_java_thread_list=0x000002114083fb10, length=15, elements={
0x000002111a5b3310, 0x000002113fbf9600, 0x000002113fbfc8a0, 0x000002113fc0e080,
0x000002113fc0ea40, 0x0000021140539500, 0x000002114053de90, 0x0000021140540040,
0x0000021140553cb0, 0x0000021140615d60, 0x0000021140735b30, 0x0000021140703740,
0x0000021140703c30, 0x00000211408693f0, 0x0000021140863f60
}

Java Threads: ( => current thread )
  0x000002111a5b3310 JavaThread "main" [_thread_blocked, id=3848, stack(0x000000e64ff00000,0x000000e650000000)]
  0x000002113fbf9600 JavaThread "Reference Handler" daemon [_thread_blocked, id=1864, stack(0x000000e650600000,0x000000e650700000)]
  0x000002113fbfc8a0 JavaThread "Finalizer" daemon [_thread_blocked, id=12100, stack(0x000000e650700000,0x000000e650800000)]
  0x000002113fc0e080 JavaThread "Signal Dispatcher" daemon [_thread_blocked, id=17296, stack(0x000000e650800000,0x000000e650900000)]
  0x000002113fc0ea40 JavaThread "Attach Listener" daemon [_thread_blocked, id=15096, stack(0x000000e650900000,0x000000e650a00000)]
  0x0000021140539500 JavaThread "Service Thread" daemon [_thread_blocked, id=7840, stack(0x000000e650a00000,0x000000e650b00000)]
  0x000002114053de90 JavaThread "C2 CompilerThread0" daemon [_thread_blocked, id=3948, stack(0x000000e650b00000,0x000000e650c00000)]
  0x0000021140540040 JavaThread "C1 CompilerThread0" daemon [_thread_blocked, id=14688, stack(0x000000e650c00000,0x000000e650d00000)]
  0x0000021140553cb0 JavaThread "Sweeper thread" daemon [_thread_blocked, id=17936, stack(0x000000e650d00000,0x000000e650e00000)]
  0x0000021140615d60 JavaThread "Common-Cleaner" daemon [_thread_blocked, id=13592, stack(0x000000e650e00000,0x000000e650f00000)]
=>0x0000021140735b30 JavaThread "JDWP Transport Listener: dt_socket" daemon [_thread_in_vm, id=12156, stack(0x000000e650f00000,0x000000e651000000)] _threads_hazard_ptr=0x000002114083fb10
  0x0000021140703740 JavaThread "JDWP Event Helper Thread" daemon [_thread_blocked, id=18436, stack(0x000000e651000000,0x000000e651100000)]
  0x0000021140703c30 JavaThread "JDWP Command Reader" daemon [_thread_in_native, id=17708, stack(0x000000e651100000,0x000000e651200000)]
  0x00000211408693f0 JavaThread "Notification Thread" daemon [_thread_blocked, id=18840, stack(0x000000e651200000,0x000000e651300000)]
  0x0000021140863f60 JavaThread "ReaderThread" [_thread_in_native, id=17488, stack(0x000000e651500000,0x000000e651600000)]

Other Threads:
  0x000002113fbf76d0 VMThread "VM Thread" [stack: 0x000000e650500000,0x000000e650600000] [id=13536]
  0x000002114086e4f0 WatcherThread [stack: 0x000000e651300000,0x000000e651400000] [id=1788]
  0x000002111a604700 GCTaskThread "GC Thread#0" [stack: 0x000000e650000000,0x000000e650100000] [id=14860]
  0x000002111a615d00 ConcurrentGCThread "G1 Main Marker" [stack: 0x000000e650100000,0x000000e650200000] [id=9860]
  0x000002111a616800 ConcurrentGCThread "G1 Conc#0" [stack: 0x000000e650200000,0x000000e650300000] [id=10956]
  0x000002111a68d8b0 ConcurrentGCThread "G1 Refine#0" [stack: 0x000000e650300000,0x000000e650400000] [id=3288]
  0x000002111a68e3c0 ConcurrentGCThread "G1 Young RemSet Sampling" [stack: 0x000000e650400000,0x000000e650500000] [id=9988]

Threads with active compile tasks:

VM state: not at safepoint (normal execution)

VM Mutex/Monitor currently owned by a thread: None

Heap address: 0x0000000702000000, size: 4064 MB, Compressed Oops mode: Zero based, Oop shift amount: 3
CDS archive(s) mapped at: [0x0000000800000000-0x0000000800b50000-0x0000000800b50000), size 11862016, SharedBaseAddress: 0x0000000800000000, ArchiveRelocationMode: 0.
Compressed class space mapped at: 0x0000000800b50000-0x0000000840b50000, size: 1073741824
Narrow klass base: 0x0000000800000000, Narrow klass shift: 3, Narrow klass range: 0x100000000

GC Precious Log:
 CPUs: 8 total, 8 available
 Memory: 16252M
 Large Page Support: Disabled
 NUMA Support: Disabled
 Compressed Oops: Enabled (Zero based)
 Heap Region Size: 2M
 Heap Min Capacity: 8M
 Heap Initial Capacity: 254M
 Heap Max Capacity: 4064M
 Pre-touch: Disabled
 Parallel Workers: 8
 Concurrent Workers: 2
 Concurrent Refinement Workers: 8
 Periodic GC: Disabled

Heap:
 garbage-first heap   total 260096K, used 12288K [0x0000000702000000, 0x0000000800000000)
  region size 2048K, 7 young (14336K), 0 survivors (0K)
 Metaspace       used 4465K, capacity 5471K, committed 5632K, reserved 1056768K
  class space    used 439K, capacity 499K, committed 512K, reserved 1048576K

Heap Regions: E=young(eden), S=young(survivor), O=old, HS=humongous(starts), HC=humongous(continues), CS=collection set, F=free, OA=open archive, CA=closed archive, TAMS=top-at-mark-start (previous, next)
|   0|0x0000000702000000, 0x0000000702000000, 0x0000000702200000|  0%| F|  |TAMS 0x0000000702000000, 0x0000000702000000| Untracked 
|   1|0x0000000702200000, 0x0000000702200000, 0x0000000702400000|  0%| F|  |TAMS 0x0000000702200000, 0x0000000702200000| Untracked 
|   2|0x0000000702400000, 0x0000000702400000, 0x0000000702600000|  0%| F|  |TAMS 0x0000000702400000, 0x0000000702400000| Untracked 
|   3|0x0000000702600000, 0x0000000702600000, 0x0000000702800000|  0%| F|  |TAMS 0x0000000702600000, 0x0000000702600000| Untracked 
|   4|0x0000000702800000, 0x0000000702800000, 0x0000000702a00000|  0%| F|  |TAMS 0x0000000702800000, 0x0000000702800000| Untracked 
|   5|0x0000000702a00000, 0x0000000702a00000, 0x0000000702c00000|  0%| F|  |TAMS 0x0000000702a00000, 0x0000000702a00000| Untracked 
|   6|0x0000000702c00000, 0x0000000702c00000, 0x0000000702e00000|  0%| F|  |TAMS 0x0000000702c00000, 0x0000000702c00000| Untracked 
|   7|0x0000000702e00000, 0x0000000702e00000, 0x0000000703000000|  0%| F|  |TAMS 0x0000000702e00000, 0x0000000702e00000| Untracked 
|   8|0x0000000703000000, 0x0000000703000000, 0x0000000703200000|  0%| F|  |TAMS 0x0000000703000000, 0x0000000703000000| Untracked 
|   9|0x0000000703200000, 0x0000000703200000, 0x0000000703400000|  0%| F|  |TAMS 0x0000000703200000, 0x0000000703200000| Untracked 
|  10|0x0000000703400000, 0x0000000703400000, 0x0000000703600000|  0%| F|  |TAMS 0x0000000703400000, 0x0000000703400000| Untracked 
|  11|0x0000000703600000, 0x0000000703600000, 0x0000000703800000|  0%| F|  |TAMS 0x0000000703600000, 0x0000000703600000| Untracked 
|  12|0x0000000703800000, 0x0000000703800000, 0x0000000703a00000|  0%| F|  |TAMS 0x0000000703800000, 0x0000000703800000| Untracked 
|  13|0x0000000703a00000, 0x0000000703a00000, 0x0000000703c00000|  0%| F|  |TAMS 0x0000000703a00000, 0x0000000703a00000| Untracked 
|  14|0x0000000703c00000, 0x0000000703c00000, 0x0000000703e00000|  0%| F|  |TAMS 0x0000000703c00000, 0x0000000703c00000| Untracked 
|  15|0x0000000703e00000, 0x0000000703e00000, 0x0000000704000000|  0%| F|  |TAMS 0x0000000703e00000, 0x0000000703e00000| Untracked 
|  16|0x0000000704000000, 0x0000000704000000, 0x0000000704200000|  0%| F|  |TAMS 0x0000000704000000, 0x0000000704000000| Untracked 
|  17|0x0000000704200000, 0x0000000704200000, 0x0000000704400000|  0%| F|  |TAMS 0x0000000704200000, 0x0000000704200000| Untracked 
|  18|0x0000000704400000, 0x0000000704400000, 0x0000000704600000|  0%| F|  |TAMS 0x0000000704400000, 0x0000000704400000| Untracked 
|  19|0x0000000704600000, 0x0000000704600000, 0x0000000704800000|  0%| F|  |TAMS 0x0000000704600000, 0x0000000704600000| Untracked 
|  20|0x0000000704800000, 0x0000000704800000, 0x0000000704a00000|  0%| F|  |TAMS 0x0000000704800000, 0x0000000704800000| Untracked 
|  21|0x0000000704a00000, 0x0000000704a00000, 0x0000000704c00000|  0%| F|  |TAMS 0x0000000704a00000, 0x0000000704a00000| Untracked 
|  22|0x0000000704c00000, 0x0000000704c00000, 0x0000000704e00000|  0%| F|  |TAMS 0x0000000704c00000, 0x0000000704c00000| Untracked 
|  23|0x0000000704e00000, 0x0000000704e00000, 0x0000000705000000|  0%| F|  |TAMS 0x0000000704e00000, 0x0000000704e00000| Untracked 
|  24|0x0000000705000000, 0x0000000705000000, 0x0000000705200000|  0%| F|  |TAMS 0x0000000705000000, 0x0000000705000000| Untracked 
|  25|0x0000000705200000, 0x0000000705200000, 0x0000000705400000|  0%| F|  |TAMS 0x0000000705200000, 0x0000000705200000| Untracked 
|  26|0x0000000705400000, 0x0000000705400000, 0x0000000705600000|  0%| F|  |TAMS 0x0000000705400000, 0x0000000705400000| Untracked 
|  27|0x0000000705600000, 0x0000000705600000, 0x0000000705800000|  0%| F|  |TAMS 0x0000000705600000, 0x0000000705600000| Untracked 
|  28|0x0000000705800000, 0x0000000705800000, 0x0000000705a00000|  0%| F|  |TAMS 0x0000000705800000, 0x0000000705800000| Untracked 
|  29|0x0000000705a00000, 0x0000000705a00000, 0x0000000705c00000|  0%| F|  |TAMS 0x0000000705a00000, 0x0000000705a00000| Untracked 
|  30|0x0000000705c00000, 0x0000000705c00000, 0x0000000705e00000|  0%| F|  |TAMS 0x0000000705c00000, 0x0000000705c00000| Untracked 
|  31|0x0000000705e00000, 0x0000000705e00000, 0x0000000706000000|  0%| F|  |TAMS 0x0000000705e00000, 0x0000000705e00000| Untracked 
|  32|0x0000000706000000, 0x0000000706000000, 0x0000000706200000|  0%| F|  |TAMS 0x0000000706000000, 0x0000000706000000| Untracked 
|  33|0x0000000706200000, 0x0000000706200000, 0x0000000706400000|  0%| F|  |TAMS 0x0000000706200000, 0x0000000706200000| Untracked 
|  34|0x0000000706400000, 0x0000000706400000, 0x0000000706600000|  0%| F|  |TAMS 0x0000000706400000, 0x0000000706400000| Untracked 
|  35|0x0000000706600000, 0x0000000706600000, 0x0000000706800000|  0%| F|  |TAMS 0x0000000706600000, 0x0000000706600000| Untracked 
|  36|0x0000000706800000, 0x0000000706800000, 0x0000000706a00000|  0%| F|  |TAMS 0x0000000706800000, 0x0000000706800000| Untracked 
|  37|0x0000000706a00000, 0x0000000706a00000, 0x0000000706c00000|  0%| F|  |TAMS 0x0000000706a00000, 0x0000000706a00000| Untracked 
|  38|0x0000000706c00000, 0x0000000706c00000, 0x0000000706e00000|  0%| F|  |TAMS 0x0000000706c00000, 0x0000000706c00000| Untracked 
|  39|0x0000000706e00000, 0x0000000706e00000, 0x0000000707000000|  0%| F|  |TAMS 0x0000000706e00000, 0x0000000706e00000| Untracked 
|  40|0x0000000707000000, 0x0000000707000000, 0x0000000707200000|  0%| F|  |TAMS 0x0000000707000000, 0x0000000707000000| Untracked 
|  41|0x0000000707200000, 0x0000000707200000, 0x0000000707400000|  0%| F|  |TAMS 0x0000000707200000, 0x0000000707200000| Untracked 
|  42|0x0000000707400000, 0x0000000707400000, 0x0000000707600000|  0%| F|  |TAMS 0x0000000707400000, 0x0000000707400000| Untracked 
|  43|0x0000000707600000, 0x0000000707600000, 0x0000000707800000|  0%| F|  |TAMS 0x0000000707600000, 0x0000000707600000| Untracked 
|  44|0x0000000707800000, 0x0000000707800000, 0x0000000707a00000|  0%| F|  |TAMS 0x0000000707800000, 0x0000000707800000| Untracked 
|  45|0x0000000707a00000, 0x0000000707a00000, 0x0000000707c00000|  0%| F|  |TAMS 0x0000000707a00000, 0x0000000707a00000| Untracked 
|  46|0x0000000707c00000, 0x0000000707c00000, 0x0000000707e00000|  0%| F|  |TAMS 0x0000000707c00000, 0x0000000707c00000| Untracked 
|  47|0x0000000707e00000, 0x0000000707e00000, 0x0000000708000000|  0%| F|  |TAMS 0x0000000707e00000, 0x0000000707e00000| Untracked 
|  48|0x0000000708000000, 0x0000000708000000, 0x0000000708200000|  0%| F|  |TAMS 0x0000000708000000, 0x0000000708000000| Untracked 
|  49|0x0000000708200000, 0x0000000708200000, 0x0000000708400000|  0%| F|  |TAMS 0x0000000708200000, 0x0000000708200000| Untracked 
|  50|0x0000000708400000, 0x0000000708400000, 0x0000000708600000|  0%| F|  |TAMS 0x0000000708400000, 0x0000000708400000| Untracked 
|  51|0x0000000708600000, 0x0000000708600000, 0x0000000708800000|  0%| F|  |TAMS 0x0000000708600000, 0x0000000708600000| Untracked 
|  52|0x0000000708800000, 0x0000000708800000, 0x0000000708a00000|  0%| F|  |TAMS 0x0000000708800000, 0x0000000708800000| Untracked 
|  53|0x0000000708a00000, 0x0000000708a00000, 0x0000000708c00000|  0%| F|  |TAMS 0x0000000708a00000, 0x0000000708a00000| Untracked 
|  54|0x0000000708c00000, 0x0000000708c00000, 0x0000000708e00000|  0%| F|  |TAMS 0x0000000708c00000, 0x0000000708c00000| Untracked 
|  55|0x0000000708e00000, 0x0000000708e00000, 0x0000000709000000|  0%| F|  |TAMS 0x0000000708e00000, 0x0000000708e00000| Untracked 
|  56|0x0000000709000000, 0x0000000709000000, 0x0000000709200000|  0%| F|  |TAMS 0x0000000709000000, 0x0000000709000000| Untracked 
|  57|0x0000000709200000, 0x0000000709200000, 0x0000000709400000|  0%| F|  |TAMS 0x0000000709200000, 0x0000000709200000| Untracked 
|  58|0x0000000709400000, 0x0000000709400000, 0x0000000709600000|  0%| F|  |TAMS 0x0000000709400000, 0x0000000709400000| Untracked 
|  59|0x0000000709600000, 0x0000000709600000, 0x0000000709800000|  0%| F|  |TAMS 0x0000000709600000, 0x0000000709600000| Untracked 
|  60|0x0000000709800000, 0x0000000709800000, 0x0000000709a00000|  0%| F|  |TAMS 0x0000000709800000, 0x0000000709800000| Untracked 
|  61|0x0000000709a00000, 0x0000000709a00000, 0x0000000709c00000|  0%| F|  |TAMS 0x0000000709a00000, 0x0000000709a00000| Untracked 
|  62|0x0000000709c00000, 0x0000000709c00000, 0x0000000709e00000|  0%| F|  |TAMS 0x0000000709c00000, 0x0000000709c00000| Untracked 
|  63|0x0000000709e00000, 0x0000000709e00000, 0x000000070a000000|  0%| F|  |TAMS 0x0000000709e00000, 0x0000000709e00000| Untracked 
|  64|0x000000070a000000, 0x000000070a000000, 0x000000070a200000|  0%| F|  |TAMS 0x000000070a000000, 0x000000070a000000| Untracked 
|  65|0x000000070a200000, 0x000000070a200000, 0x000000070a400000|  0%| F|  |TAMS 0x000000070a200000, 0x000000070a200000| Untracked 
|  66|0x000000070a400000, 0x000000070a400000, 0x000000070a600000|  0%| F|  |TAMS 0x000000070a400000, 0x000000070a400000| Untracked 
|  67|0x000000070a600000, 0x000000070a600000, 0x000000070a800000|  0%| F|  |TAMS 0x000000070a600000, 0x000000070a600000| Untracked 
|  68|0x000000070a800000, 0x000000070a800000, 0x000000070aa00000|  0%| F|  |TAMS 0x000000070a800000, 0x000000070a800000| Untracked 
|  69|0x000000070aa00000, 0x000000070aa00000, 0x000000070ac00000|  0%| F|  |TAMS 0x000000070aa00000, 0x000000070aa00000| Untracked 
|  70|0x000000070ac00000, 0x000000070ac00000, 0x000000070ae00000|  0%| F|  |TAMS 0x000000070ac00000, 0x000000070ac00000| Untracked 
|  71|0x000000070ae00000, 0x000000070ae00000, 0x000000070b000000|  0%| F|  |TAMS 0x000000070ae00000, 0x000000070ae00000| Untracked 
|  72|0x000000070b000000, 0x000000070b000000, 0x000000070b200000|  0%| F|  |TAMS 0x000000070b000000, 0x000000070b000000| Untracked 
|  73|0x000000070b200000, 0x000000070b200000, 0x000000070b400000|  0%| F|  |TAMS 0x000000070b200000, 0x000000070b200000| Untracked 
|  74|0x000000070b400000, 0x000000070b400000, 0x000000070b600000|  0%| F|  |TAMS 0x000000070b400000, 0x000000070b400000| Untracked 
|  75|0x000000070b600000, 0x000000070b600000, 0x000000070b800000|  0%| F|  |TAMS 0x000000070b600000, 0x000000070b600000| Untracked 
|  76|0x000000070b800000, 0x000000070b800000, 0x000000070ba00000|  0%| F|  |TAMS 0x000000070b800000, 0x000000070b800000| Untracked 
|  77|0x000000070ba00000, 0x000000070ba00000, 0x000000070bc00000|  0%| F|  |TAMS 0x000000070ba00000, 0x000000070ba00000| Untracked 
|  78|0x000000070bc00000, 0x000000070bc00000, 0x000000070be00000|  0%| F|  |TAMS 0x000000070bc00000, 0x000000070bc00000| Untracked 
|  79|0x000000070be00000, 0x000000070be00000, 0x000000070c000000|  0%| F|  |TAMS 0x000000070be00000, 0x000000070be00000| Untracked 
|  80|0x000000070c000000, 0x000000070c000000, 0x000000070c200000|  0%| F|  |TAMS 0x000000070c000000, 0x000000070c000000| Untracked 
|  81|0x000000070c200000, 0x000000070c200000, 0x000000070c400000|  0%| F|  |TAMS 0x000000070c200000, 0x000000070c200000| Untracked 
|  82|0x000000070c400000, 0x000000070c400000, 0x000000070c600000|  0%| F|  |TAMS 0x000000070c400000, 0x000000070c400000| Untracked 
|  83|0x000000070c600000, 0x000000070c600000, 0x000000070c800000|  0%| F|  |TAMS 0x000000070c600000, 0x000000070c600000| Untracked 
|  84|0x000000070c800000, 0x000000070c800000, 0x000000070ca00000|  0%| F|  |TAMS 0x000000070c800000, 0x000000070c800000| Untracked 
|  85|0x000000070ca00000, 0x000000070ca00000, 0x000000070cc00000|  0%| F|  |TAMS 0x000000070ca00000, 0x000000070ca00000| Untracked 
|  86|0x000000070cc00000, 0x000000070cc00000, 0x000000070ce00000|  0%| F|  |TAMS 0x000000070cc00000, 0x000000070cc00000| Untracked 
|  87|0x000000070ce00000, 0x000000070ce00000, 0x000000070d000000|  0%| F|  |TAMS 0x000000070ce00000, 0x000000070ce00000| Untracked 
|  88|0x000000070d000000, 0x000000070d000000, 0x000000070d200000|  0%| F|  |TAMS 0x000000070d000000, 0x000000070d000000| Untracked 
|  89|0x000000070d200000, 0x000000070d200000, 0x000000070d400000|  0%| F|  |TAMS 0x000000070d200000, 0x000000070d200000| Untracked 
|  90|0x000000070d400000, 0x000000070d400000, 0x000000070d600000|  0%| F|  |TAMS 0x000000070d400000, 0x000000070d400000| Untracked 
|  91|0x000000070d600000, 0x000000070d600000, 0x000000070d800000|  0%| F|  |TAMS 0x000000070d600000, 0x000000070d600000| Untracked 
|  92|0x000000070d800000, 0x000000070d800000, 0x000000070da00000|  0%| F|  |TAMS 0x000000070d800000, 0x000000070d800000| Untracked 
|  93|0x000000070da00000, 0x000000070da00000, 0x000000070dc00000|  0%| F|  |TAMS 0x000000070da00000, 0x000000070da00000| Untracked 
|  94|0x000000070dc00000, 0x000000070dc00000, 0x000000070de00000|  0%| F|  |TAMS 0x000000070dc00000, 0x000000070dc00000| Untracked 
|  95|0x000000070de00000, 0x000000070de00000, 0x000000070e000000|  0%| F|  |TAMS 0x000000070de00000, 0x000000070de00000| Untracked 
|  96|0x000000070e000000, 0x000000070e000000, 0x000000070e200000|  0%| F|  |TAMS 0x000000070e000000, 0x000000070e000000| Untracked 
|  97|0x000000070e200000, 0x000000070e200000, 0x000000070e400000|  0%| F|  |TAMS 0x000000070e200000, 0x000000070e200000| Untracked 
|  98|0x000000070e400000, 0x000000070e400000, 0x000000070e600000|  0%| F|  |TAMS 0x000000070e400000, 0x000000070e400000| Untracked 
|  99|0x000000070e600000, 0x000000070e600000, 0x000000070e800000|  0%| F|  |TAMS 0x000000070e600000, 0x000000070e600000| Untracked 
| 100|0x000000070e800000, 0x000000070e800000, 0x000000070ea00000|  0%| F|  |TAMS 0x000000070e800000, 0x000000070e800000| Untracked 
| 101|0x000000070ea00000, 0x000000070ea00000, 0x000000070ec00000|  0%| F|  |TAMS 0x000000070ea00000, 0x000000070ea00000| Untracked 
| 102|0x000000070ec00000, 0x000000070ec00000, 0x000000070ee00000|  0%| F|  |TAMS 0x000000070ec00000, 0x000000070ec00000| Untracked 
| 103|0x000000070ee00000, 0x000000070ee00000, 0x000000070f000000|  0%| F|  |TAMS 0x000000070ee00000, 0x000000070ee00000| Untracked 
| 104|0x000000070f000000, 0x000000070f000000, 0x000000070f200000|  0%| F|  |TAMS 0x000000070f000000, 0x000000070f000000| Untracked 
| 105|0x000000070f200000, 0x000000070f200000, 0x000000070f400000|  0%| F|  |TAMS 0x000000070f200000, 0x000000070f200000| Untracked 
| 106|0x000000070f400000, 0x000000070f400000, 0x000000070f600000|  0%| F|  |TAMS 0x000000070f400000, 0x000000070f400000| Untracked 
| 107|0x000000070f600000, 0x000000070f600000, 0x000000070f800000|  0%| F|  |TAMS 0x000000070f600000, 0x000000070f600000| Untracked 
| 108|0x000000070f800000, 0x000000070f800000, 0x000000070fa00000|  0%| F|  |TAMS 0x000000070f800000, 0x000000070f800000| Untracked 
| 109|0x000000070fa00000, 0x000000070fa00000, 0x000000070fc00000|  0%| F|  |TAMS 0x000000070fa00000, 0x000000070fa00000| Untracked 
| 110|0x000000070fc00000, 0x000000070fc00000, 0x000000070fe00000|  0%| F|  |TAMS 0x000000070fc00000, 0x000000070fc00000| Untracked 
| 111|0x000000070fe00000, 0x000000070fe00000, 0x0000000710000000|  0%| F|  |TAMS 0x000000070fe00000, 0x000000070fe00000| Untracked 
| 112|0x0000000710000000, 0x0000000710000000, 0x0000000710200000|  0%| F|  |TAMS 0x0000000710000000, 0x0000000710000000| Untracked 
| 113|0x0000000710200000, 0x0000000710200000, 0x0000000710400000|  0%| F|  |TAMS 0x0000000710200000, 0x0000000710200000| Untracked 
| 114|0x0000000710400000, 0x0000000710400000, 0x0000000710600000|  0%| F|  |TAMS 0x0000000710400000, 0x0000000710400000| Untracked 
| 115|0x0000000710600000, 0x0000000710600000, 0x0000000710800000|  0%| F|  |TAMS 0x0000000710600000, 0x0000000710600000| Untracked 
| 116|0x0000000710800000, 0x0000000710800000, 0x0000000710a00000|  0%| F|  |TAMS 0x0000000710800000, 0x0000000710800000| Untracked 
| 117|0x0000000710a00000, 0x0000000710a00000, 0x0000000710c00000|  0%| F|  |TAMS 0x0000000710a00000, 0x0000000710a00000| Untracked 
| 118|0x0000000710c00000, 0x0000000710c00000, 0x0000000710e00000|  0%| F|  |TAMS 0x0000000710c00000, 0x0000000710c00000| Untracked 
| 119|0x0000000710e00000, 0x0000000710e00000, 0x0000000711000000|  0%| F|  |TAMS 0x0000000710e00000, 0x0000000710e00000| Untracked 
| 120|0x0000000711000000, 0x00000007110e2990, 0x0000000711200000| 44%| E|  |TAMS 0x0000000711000000, 0x0000000711000000| Complete 
| 121|0x0000000711200000, 0x0000000711400000, 0x0000000711400000|100%| E|CS|TAMS 0x0000000711200000, 0x0000000711200000| Complete 
| 122|0x0000000711400000, 0x0000000711600000, 0x0000000711600000|100%| E|CS|TAMS 0x0000000711400000, 0x0000000711400000| Complete 
| 123|0x0000000711600000, 0x0000000711800000, 0x0000000711800000|100%| E|CS|TAMS 0x0000000711600000, 0x0000000711600000| Complete 
| 124|0x0000000711800000, 0x0000000711a00000, 0x0000000711a00000|100%| E|CS|TAMS 0x0000000711800000, 0x0000000711800000| Complete 
| 125|0x0000000711a00000, 0x0000000711c00000, 0x0000000711c00000|100%| E|CS|TAMS 0x0000000711a00000, 0x0000000711a00000| Complete 
| 126|0x0000000711c00000, 0x0000000711e00000, 0x0000000711e00000|100%| E|CS|TAMS 0x0000000711c00000, 0x0000000711c00000| Complete 

Card table byte_map: [0x0000021134220000,0x0000021134a10000] _byte_map_base: 0x0000021130a10000

Marking Bits (Prev, Next): (CMBitMap*) 0x000002111a604e00, (CMBitMap*) 0x000002111a604e40
 Prev Bits: [0x0000021135200000, 0x0000021139180000)
 Next Bits: [0x0000021139180000, 0x000002113d100000)

Polling page: 0x000002111a690000

Metaspace:

Usage:
  Non-class:      4.86 MB capacity,     3.93 MB ( 81%) used,   944.12 KB ( 19%) free+waste,     2.31 KB ( <1%) overhead. 
      Class:    499.00 KB capacity,   439.87 KB ( 88%) used,    58.01 KB ( 12%) free+waste,     1.12 KB ( <1%) overhead. 
       Both:      5.34 MB capacity,     4.36 MB ( 82%) used,  1002.13 KB ( 18%) free+waste,     3.44 KB ( <1%) overhead. 

Virtual space:
  Non-class space:        8.00 MB reserved,       5.00 MB ( 62%) committed 
      Class space:        1.00 GB reserved,     512.00 KB ( <1%) committed 
             Both:        1.01 GB reserved,       5.50 MB ( <1%) committed 

Chunk freelists:
   Non-Class:  20.00 KB
       Class:  13.00 KB
        Both:  33.00 KB

MaxMetaspaceSize: 17179869184.00 GB
CompressedClassSpaceSize: 1.00 GB

CodeHeap 'non-profiled nmethods': size=120000Kb used=258Kb max_used=258Kb free=119741Kb
 bounds [0x000002112ba90000, 0x000002112bd00000, 0x0000021132fc0000]
CodeHeap 'profiled nmethods': size=120000Kb used=1290Kb max_used=1290Kb free=118709Kb
 bounds [0x0000021124560000, 0x00000211247d0000, 0x000002112ba90000]
CodeHeap 'non-nmethods': size=5760Kb used=1235Kb max_used=1255Kb free=4524Kb
 bounds [0x0000021123fc0000, 0x0000021124230000, 0x0000021124560000]
 total_blobs=1146 nmethods=744 adapters=315
 compilation: enabled
              stopped_count=0, restarted_count=0
 full_count=0

Compilation events (20 events):
Event: 0.609 Thread 0x0000021140540040 nmethod 735 0x0000021124697690 code [0x00000211246979c0, 0x0000021124698cd8]
Event: 0.609 Thread 0x0000021140540040  736       3       java.util.zip.ZipUtils::CENFLG (9 bytes)
Event: 0.610 Thread 0x0000021140540040 nmethod 736 0x0000021124699590 code [0x0000021124699740, 0x00000211246998d8]
Event: 0.610 Thread 0x0000021140540040  737   !   3       java.util.jar.JarFile::isMultiRelease (33 bytes)
Event: 0.610 Thread 0x0000021140540040 nmethod 737 0x0000021124699a10 code [0x0000021124699bc0, 0x0000021124699da8]
Event: 0.610 Thread 0x0000021140540040  738       1       java.util.jar.Manifest::getMainAttributes (5 bytes)
Event: 0.610 Thread 0x0000021140540040 nmethod 738 0x000002112bacea90 code [0x000002112bacec20, 0x000002112bacecd8]
Event: 0.610 Thread 0x0000021140540040  739       1       org.eclipse.jdt.launching.internal.org.objectweb.asm.ClassReader::getMaxStringLength (5 bytes)
Event: 0.610 Thread 0x0000021140540040 nmethod 739 0x000002112baced90 code [0x000002112bacef20, 0x000002112bacefd8]
Event: 0.610 Thread 0x0000021140540040  740       1       org.eclipse.jdt.launching.internal.org.objectweb.asm.SymbolTable::getConstantPoolCount (5 bytes)
Event: 0.610 Thread 0x0000021140540040 nmethod 740 0x000002112bacf090 code [0x000002112bacf220, 0x000002112bacf2d8]
Event: 0.610 Thread 0x0000021140540040  741       3       jdk.internal.loader.ClassLoaders$AppClassLoader::loadClass (40 bytes)
Event: 0.611 Thread 0x0000021140540040 nmethod 741 0x0000021124699e90 code [0x000002112469a0e0, 0x000002112469aa58]
Event: 0.611 Thread 0x0000021140540040  742       3       java.util.jar.JarFile::maybeInstantiateVerifier (42 bytes)
Event: 0.611 Thread 0x0000021140540040 nmethod 742 0x000002112469ae10 code [0x000002112469afe0, 0x000002112469b318]
Event: 0.612 Thread 0x0000021140540040  743       3       java.util.LinkedHashMap::get (29 bytes)
Event: 0.612 Thread 0x0000021140540040 nmethod 743 0x000002112469b490 code [0x000002112469b640, 0x000002112469b898]
Event: 0.613 Thread 0x0000021140868b20 nmethod 714 0x000002112bacf390 code [0x000002112bacf560, 0x000002112bad0498]
Event: 0.614 Thread 0x0000021140540040  744       3       org.eclipse.jdt.launching.internal.org.objectweb.asm.ClassWriter::toByteArray (1535 bytes)
Event: 0.620 Thread 0x0000021140540040 nmethod 744 0x000002112469b990 code [0x000002112469c2c0, 0x00000211246a04f8]

GC Heap History (0 events):
No events

Deoptimization events (20 events):
Event: 0.579 Thread 0x000002111a5b3310 Uncommon trap: trap_request=0xffffff45 fr.pc=0x000002112bab7390 relative=0x00000000000004d0
Event: 0.579 Thread 0x000002111a5b3310 Uncommon trap: reason=unstable_if action=reinterpret pc=0x000002112bab7390 method=org.eclipse.jdt.launching.internal.org.objectweb.asm.ClassReader.readUtf(II[C)Ljava/lang/String; @ 41 c2
Event: 0.579 Thread 0x000002111a5b3310 DEOPT PACKING pc=0x000002112bab7390 sp=0x000000e64fffc470
Event: 0.579 Thread 0x000002111a5b3310 DEOPT UNPACKING pc=0x000002112400e42f sp=0x000000e64fffc438 mode 2
Event: 0.579 Thread 0x000002111a5b3310 Uncommon trap: trap_request=0xffffff45 fr.pc=0x000002112ba98f6c relative=0x000000000000024c
Event: 0.579 Thread 0x000002111a5b3310 Uncommon trap: reason=unstable_if action=reinterpret pc=0x000002112ba98f6c method=java.lang.String.isLatin1()Z @ 10 c2
Event: 0.579 Thread 0x000002111a5b3310 DEOPT PACKING pc=0x000002112ba98f6c sp=0x000000e64fffc540
Event: 0.579 Thread 0x000002111a5b3310 DEOPT UNPACKING pc=0x000002112400e42f sp=0x000000e64fffc470 mode 2
Event: 0.586 Thread 0x000002111a5b3310 Uncommon trap: trap_request=0xffffff45 fr.pc=0x000002112baa3fc4 relative=0x0000000000000044
Event: 0.586 Thread 0x000002111a5b3310 Uncommon trap: reason=unstable_if action=reinterpret pc=0x000002112baa3fc4 method=java.lang.CharacterData.of(I)Ljava/lang/CharacterData; @ 4 c2
Event: 0.586 Thread 0x000002111a5b3310 DEOPT PACKING pc=0x000002112baa3fc4 sp=0x000000e64fffe5c0
Event: 0.586 Thread 0x000002111a5b3310 DEOPT UNPACKING pc=0x000002112400e42f sp=0x000000e64fffe560 mode 2
Event: 0.596 Thread 0x000002111a5b3310 DEOPT PACKING pc=0x00000211245dc8bb sp=0x000000e64fffebd0
Event: 0.596 Thread 0x000002111a5b3310 DEOPT UNPACKING pc=0x000002112400e23f sp=0x000000e64fffe048 mode 0
Event: 0.597 Thread 0x000002111a5b3310 DEOPT PACKING pc=0x0000021124688673 sp=0x000000e64fffa610
Event: 0.597 Thread 0x000002111a5b3310 DEOPT UNPACKING pc=0x000002112400e23f sp=0x000000e64fff9a70 mode 0
Event: 0.607 Thread 0x000002111a5b3310 DEOPT PACKING pc=0x0000021124688673 sp=0x000000e64fffc2b0
Event: 0.607 Thread 0x000002111a5b3310 DEOPT UNPACKING pc=0x000002112400e23f sp=0x000000e64fffb710 mode 0
Event: 0.615 Thread 0x000002111a5b3310 DEOPT PACKING pc=0x0000021124688673 sp=0x000000e64fffd820
Event: 0.615 Thread 0x000002111a5b3310 DEOPT UNPACKING pc=0x000002112400e23f sp=0x000000e64fffcc80 mode 0

Classes unloaded (0 events):
No events

Classes redefined (2 events):
Event: 8.335 Thread 0x000002113fbf76d0 redefined class name=sorting.variationsOfBubblesort.RecursiveBubbleSort, count=1
Event: 2939.236 Thread 0x000002113fbf76d0 redefined class name=sorting.variationsOfBubblesort.RecursiveBubbleSort, count=2

Internal exceptions (8 events):
Event: 0.248 Thread 0x000002111a5b3310 Exception <a 'java/lang/NoSuchMethodError'{0x0000000711a59740}: 'void java.lang.invoke.DirectMethodHandle$Holder.invokeStatic(java.lang.Object, java.lang.Object)'> (0x0000000711a59740) 
thrown [./open/src/hotspot/share/interpreter/linkResolver.cpp, line 782]
Event: 0.248 Thread 0x000002111a5b3310 Exception <a 'java/lang/NoSuchMethodError'{0x0000000711a5d3e8}: 'void java.lang.invoke.DirectMethodHandle$Holder.invokeStaticInit(java.lang.Object, java.lang.Object)'> (0x0000000711a5d3e8) 
thrown [./open/src/hotspot/share/interpreter/linkResolver.cpp, line 782]
Event: 0.352 Thread 0x000002111a5b3310 Exception <a 'java/lang/NoSuchMethodError'{0x0000000711bfe670}: 'java.lang.Object java.lang.invoke.DirectMethodHandle$Holder.invokeStatic(java.lang.Object)'> (0x0000000711bfe670) 
thrown [./open/src/hotspot/share/interpreter/linkResolver.cpp, line 782]
Event: 0.443 Thread 0x000002111a5b3310 Exception <a 'java/lang/NoSuchMethodError'{0x00000007119df8d0}: 'java.lang.Object java.lang.invoke.DirectMethodHandle$Holder.invokeStaticInit(java.lang.Object)'> (0x00000007119df8d0) 
thrown [./open/src/hotspot/share/interpreter/linkResolver.cpp, line 782]
Event: 0.532 Thread 0x000002111a5b3310 Exception <a 'java/lang/NoSuchMethodError'{0x0000000711583ae0}: 'java.lang.Object java.lang.invoke.DirectMethodHandle$Holder.invokeInterface(java.lang.Object, java.lang.Object)'> (0x0000000711583ae0) 
thrown [./open/src/hotspot/share/interpreter/linkResolver.cpp, line 782]
Event: 0.532 Thread 0x000002111a5b3310 Exception <a 'java/lang/IncompatibleClassChangeError'{0x00000007115874d8}: Found class java.lang.Object, but interface was expected> (0x00000007115874d8) 
thrown [./open/src/hotspot/share/interpreter/linkResolver.cpp, line 848]
Event: 0.555 Thread 0x000002111a5b3310 Exception <a 'java/lang/NoSuchMethodError'{0x0000000711244f68}: 'java.lang.Object java.lang.invoke.DirectMethodHandle$Holder.newInvokeSpecial(java.lang.Object, java.lang.Object, java.lang.Object, java.lang.Object, java.lang.Object)'> (0x0000000711244f68) 
thrown [./open/src/hotspot/share/interpreter/linkResolver.cpp, line 782]
Event: 2970.118 Thread 0x0000021140735b30 Exception <a 'java/lang/LinkageError'{0x0000000711dc8e88}> (0x0000000711dc8e88) 
thrown [./open/src/hotspot/share/oops/generateOopMap.cpp, line 2137]

Events (20 events):
Event: 192.696 Executing VM operation: GetFrameLocation
Event: 192.696 Executing VM operation: GetFrameLocation done
Event: 192.696 Executing VM operation: get/set locals
Event: 192.696 Executing VM operation: get/set locals done
Event: 2939.235 Executing VM operation: RedefineClasses
Event: 2939.238 Executing VM operation: RedefineClasses done
Event: 2939.245 Executing VM operation: ChangeBreakpoints
Event: 2939.245 Executing VM operation: ChangeBreakpoints done
Event: 2939.247 Executing VM operation: GetFrameCount
Event: 2939.247 Executing VM operation: GetFrameCount done
Event: 2939.247 Executing VM operation: GetStackTrace
Event: 2939.247 Executing VM operation: GetStackTrace done
Event: 2953.646 Executing VM operation: ChangeBreakpoints
Event: 2953.646 Executing VM operation: ChangeBreakpoints done
Event: 2957.154 Executing VM operation: ChangeBreakpoints
Event: 2957.155 Executing VM operation: ChangeBreakpoints done
Event: 2970.094 Executing VM operation: GetFrameCount
Event: 2970.094 Executing VM operation: GetFrameCount done
Event: 2970.118 Executing VM operation: GetFrameLocation
Event: 2970.118 Executing VM operation: GetFrameLocation done


Dynamic libraries:
0x00007ff6386d0000 - 0x00007ff6386df000 	C:\Program Files\Java\jdk-15.0.2\bin\javaw.exe
0x00007ffc161b0000 - 0x00007ffc163a5000 	C:\WINDOWS\SYSTEM32\ntdll.dll
0x00007ffc14c00000 - 0x00007ffc14cbd000 	C:\WINDOWS\System32\KERNEL32.DLL
0x00007ffc13b00000 - 0x00007ffc13dc9000 	C:\WINDOWS\System32\KERNELBASE.dll
0x00007ffc13ea0000 - 0x00007ffc13fa0000 	C:\WINDOWS\System32\ucrtbase.dll
0x00007ffc0cf90000 - 0x00007ffc0cfa9000 	C:\Program Files\Java\jdk-15.0.2\bin\VCRUNTIME140.dll
0x00007ffc10b90000 - 0x00007ffc10ba8000 	C:\Program Files\Java\jdk-15.0.2\bin\jli.dll
0x00007ffc15f90000 - 0x00007ffc1603c000 	C:\WINDOWS\System32\ADVAPI32.dll
0x00007ffc15370000 - 0x00007ffc1540e000 	C:\WINDOWS\System32\msvcrt.dll
0x00007ffc150a0000 - 0x00007ffc1513b000 	C:\WINDOWS\System32\sechost.dll
0x00007ffc16040000 - 0x00007ffc1616a000 	C:\WINDOWS\System32\RPCRT4.dll
0x00007ffc14a60000 - 0x00007ffc14c00000 	C:\WINDOWS\System32\USER32.dll
0x00007ffc000e0000 - 0x00007ffc0037a000 	C:\WINDOWS\WinSxS\amd64_microsoft.windows.common-controls_6595b64144ccf1df_6.0.19041.1110_none_60b5254171f9507e\COMCTL32.dll
0x00007ffc13fa0000 - 0x00007ffc13fc2000 	C:\WINDOWS\System32\win32u.dll
0x00007ffc151c0000 - 0x00007ffc151ea000 	C:\WINDOWS\System32\GDI32.dll
0x00007ffc14110000 - 0x00007ffc1421b000 	C:\WINDOWS\System32\gdi32full.dll
0x00007ffc13dd0000 - 0x00007ffc13e6d000 	C:\WINDOWS\System32\msvcp_win.dll
0x00007ffc096e0000 - 0x00007ffc096ea000 	C:\WINDOWS\SYSTEM32\VERSION.dll
0x00007ffc15410000 - 0x00007ffc15440000 	C:\WINDOWS\System32\IMM32.DLL
0x00007ffc0f640000 - 0x00007ffc0f64c000 	C:\Program Files\Java\jdk-15.0.2\bin\vcruntime140_1.dll
0x00007ffbe47a0000 - 0x00007ffbe4831000 	C:\Program Files\Java\jdk-15.0.2\bin\msvcp140.dll
0x00007ffb89f10000 - 0x00007ffb8aa6e000 	C:\Program Files\Java\jdk-15.0.2\bin\server\jvm.dll
0x00007ffc142a0000 - 0x00007ffc142a8000 	C:\WINDOWS\System32\PSAPI.DLL
0x00007ffc007a0000 - 0x00007ffc007c7000 	C:\WINDOWS\SYSTEM32\WINMM.dll
0x00007ffc0c890000 - 0x00007ffc0c899000 	C:\WINDOWS\SYSTEM32\WSOCK32.dll
0x00007ffc14ef0000 - 0x00007ffc14f5b000 	C:\WINDOWS\System32\WS2_32.dll
0x00007ffc11820000 - 0x00007ffc11832000 	C:\WINDOWS\SYSTEM32\kernel.appcore.dll
0x00007ffc037b0000 - 0x00007ffc037ba000 	C:\Program Files\Java\jdk-15.0.2\bin\jimage.dll
0x00007ffbf8fb0000 - 0x00007ffbf9194000 	C:\WINDOWS\SYSTEM32\DBGHELP.DLL
0x00007ffbf8f80000 - 0x00007ffbf8fac000 	C:\WINDOWS\SYSTEM32\dbgcore.DLL
0x00007ffc13fd0000 - 0x00007ffc14053000 	C:\WINDOWS\System32\bcryptPrimitives.dll
0x00007ffc02a70000 - 0x00007ffc02aa9000 	C:\Program Files\Java\jdk-15.0.2\bin\jdwp.dll
0x00007ffc0c850000 - 0x00007ffc0c85e000 	C:\Program Files\Java\jdk-15.0.2\bin\instrument.dll
0x00007ffbf0c60000 - 0x00007ffbf0c85000 	C:\Program Files\Java\jdk-15.0.2\bin\java.dll
0x00007ffc15850000 - 0x00007ffc15f8f000 	C:\WINDOWS\System32\SHELL32.dll
0x00007ffc11a20000 - 0x00007ffc121b1000 	C:\WINDOWS\SYSTEM32\windows.storage.dll
0x00007ffc154f0000 - 0x00007ffc15845000 	C:\WINDOWS\System32\combase.dll
0x00007ffc13360000 - 0x00007ffc1338c000 	C:\WINDOWS\SYSTEM32\Wldp.dll
0x00007ffc148d0000 - 0x00007ffc1497e000 	C:\WINDOWS\System32\SHCORE.dll
0x00007ffc14220000 - 0x00007ffc14275000 	C:\WINDOWS\System32\shlwapi.dll
0x00007ffc13830000 - 0x00007ffc1384f000 	C:\WINDOWS\SYSTEM32\profapi.dll
0x00007ffc04110000 - 0x00007ffc0411b000 	C:\Program Files\Java\jdk-15.0.2\bin\dt_socket.dll
0x00007ffc12d60000 - 0x00007ffc12d9b000 	C:\WINDOWS\SYSTEM32\IPHLPAPI.DLL
0x00007ffc130c0000 - 0x00007ffc1312a000 	C:\WINDOWS\system32\mswsock.dll
0x00007ffc12db0000 - 0x00007ffc12e7c000 	C:\WINDOWS\SYSTEM32\DNSAPI.dll
0x00007ffc14cc0000 - 0x00007ffc14cc8000 	C:\WINDOWS\System32\NSI.dll
0x00007ffbfe220000 - 0x00007ffbfe22a000 	C:\Windows\System32\rasadhlp.dll
0x00007ffbfeb60000 - 0x00007ffbfebdf000 	C:\WINDOWS\System32\fwpuclnt.dll
0x00007ffc13e70000 - 0x00007ffc13e97000 	C:\WINDOWS\System32\bcrypt.dll
0x00007ffbfb410000 - 0x00007ffbfb428000 	C:\Program Files\Java\jdk-15.0.2\bin\zip.dll
0x00007ffc02a00000 - 0x00007ffc02a19000 	C:\Program Files\Java\jdk-15.0.2\bin\net.dll
0x00007ffc0d020000 - 0x00007ffc0d12a000 	C:\WINDOWS\SYSTEM32\WINHTTP.dll
0x00007ffbfea40000 - 0x00007ffbfea52000 	C:\Program Files\Java\jdk-15.0.2\bin\nio.dll
0x00007ffc02960000 - 0x00007ffc02970000 	C:\Program Files\Java\jdk-15.0.2\bin\verify.dll
0x00007ffc0a670000 - 0x00007ffc0a687000 	C:\WINDOWS\SYSTEM32\dhcpcsvc6.DLL
0x00007ffc09050000 - 0x00007ffc0906d000 	C:\WINDOWS\SYSTEM32\dhcpcsvc.DLL

dbghelp: loaded successfully - version: 4.0.5 - missing functions: none
symbol engine: initialized successfully - sym options: 0x614 - pdb path: .;C:\Program Files\Java\jdk-15.0.2\bin;C:\WINDOWS\SYSTEM32;C:\WINDOWS\WinSxS\amd64_microsoft.windows.common-controls_6595b64144ccf1df_6.0.19041.1110_none_60b5254171f9507e;C:\Program Files\Java\jdk-15.0.2\bin\server

VM Arguments:
jvm_args: -XX:+ShowCodeDetailsInExceptionMessages -agentlib:jdwp=transport=dt_socket,suspend=y,address=localhost:51371 -ea -javaagent:C:\Users\sousa\eclipse\java-2021-03\eclipse\configuration\org.eclipse.osgi\222\0\.cp\lib\javaagent-shaded.jar -Dfile.encoding=UTF-8 
java_command: org.eclipse.jdt.internal.junit.runner.RemoteTestRunner -version 3 -port 51370 -testLoaderClass org.eclipse.jdt.internal.junit4.runner.JUnit4TestLoader -loaderpluginname org.eclipse.jdt.junit4.runtime -classNames sorting.test.StudentSortingTest
java_class_path (initial): C:\Users\sousa\dev\leda\R01-01-Rot-SimpleSorting-Bidirectional-Bubble-environment\target\test-classes;C:\Users\sousa\dev\leda\R01-01-Rot-SimpleSorting-Bidirectional-Bubble-environment\target\classes;C:\Users\sousa\.m2\repository\junit\junit\4.12\junit-4.12.jar;C:\Users\sousa\.m2\repository\org\hamcrest\hamcrest-core\1.3\hamcrest-core-1.3.jar;C:\Users\sousa\eclipse\java-2021-03\eclipse\configuration\org.eclipse.osgi\220\0\.cp;C:\Users\sousa\eclipse\java-2021-03\eclipse\configuration\org.eclipse.osgi\219\0\.cp
Launcher Type: SUN_STANDARD

[Global flags]
     intx CICompilerCount                          = 4                                         {product} {ergonomic}
     uint ConcGCThreads                            = 2                                         {product} {ergonomic}
     uint G1ConcRefinementThreads                  = 8                                         {product} {ergonomic}
   size_t G1HeapRegionSize                         = 2097152                                   {product} {ergonomic}
    uintx GCDrainStackTargetSize                   = 64                                        {product} {ergonomic}
   size_t InitialHeapSize                          = 266338304                                 {product} {ergonomic}
   size_t MarkStackSize                            = 4194304                                   {product} {ergonomic}
   size_t MaxHeapSize                              = 4261412864                                {product} {ergonomic}
   size_t MaxNewSize                               = 2556428288                                {product} {ergonomic}
   size_t MinHeapDeltaBytes                        = 2097152                                   {product} {ergonomic}
   size_t MinHeapSize                              = 8388608                                   {product} {ergonomic}
    uintx NonNMethodCodeHeapSize                   = 5839372                                {pd product} {ergonomic}
    uintx NonProfiledCodeHeapSize                  = 122909434                              {pd product} {ergonomic}
    uintx ProfiledCodeHeapSize                     = 122909434                              {pd product} {ergonomic}
    uintx ReservedCodeCacheSize                    = 251658240                              {pd product} {ergonomic}
     bool SegmentedCodeCache                       = true                                      {product} {ergonomic}
     bool ShowCodeDetailsInExceptionMessages       = true                                   {manageable} {command line}
   size_t SoftMaxHeapSize                          = 4261412864                             {manageable} {ergonomic}
     bool UseCompressedClassPointers               = true                                 {lp64_product} {ergonomic}
     bool UseCompressedOops                        = true                                 {lp64_product} {ergonomic}
     bool UseG1GC                                  = true                                      {product} {ergonomic}
     bool UseLargePagesIndividualAllocation        = false                                  {pd product} {ergonomic}

Logging:
Log output configuration:
 #0: stdout all=warning uptime,level,tags
 #1: stderr all=off uptime,level,tags

Environment Variables:
JAVA_HOME=C:\Program Files\Java\jdk-15.0.2
PATH=C:/Program Files/Java/jdk-15.0.2/bin/server;C:/Program Files/Java/jdk-15.0.2/bin;C:\Program Files (x86)\Common Files\Oracle\Java\javapath;C:\Program Files\Common Files\Oracle\Java\javapath;C:\Windows\system32;C:\Windows;C:\Windows\System32\Wbem;C:\Windows\System32\WindowsPowerShell\v1.0\;C:\Windows\System32\OpenSSH\;C:\Program Files\NVIDIA Corporation\NVIDIA NvDLISR;C:\Program Files\Java\jdk-15.0.2\bin;C:\Program Files\Git\cmd;C:\Program Files (x86)\NVIDIA Corporation\PhysX\Common;C:\WINDOWS\system32;C:\WINDOWS;C:\WINDOWS\System32\Wbem;C:\WINDOWS\System32\WindowsPowerShell\v1.0\;C:\WINDOWS\System32\OpenSSH\;C:\Users\sousa\AppData\Local\Microsoft\WindowsApps;C:\Users\sousa\AppData\Local\GitHubDesktop\bin;C:\Users\sousa\AppData\Local\Programs\Microsoft VS Code\bin;C:\Program Files (x86)\apache-maven-3.8.1\bin;;C:\Users\sousa\OneDrive\Área de Trabalho;
USERNAME=sousa
OS=Windows_NT
PROCESSOR_IDENTIFIER=Intel64 Family 6 Model 158 Stepping 9, GenuineIntel



---------------  S Y S T E M  ---------------

OS:
 Windows 10 , 64 bit Build 19041 (10.0.19041.1023)
OS uptime: 2 days 18:34 hours

CPU: total 8 (initial active 8) (4 cores per cpu, 2 threads per core) family 6 model 158 stepping 9 microcode 0xde, cmov, cx8, fxsr, mmx, sse, sse2, sse3, ssse3, sse4.1, sse4.2, popcnt, vzeroupper, avx, avx2, aes, clmul, erms, 3dnowpref, lzcnt, ht, tsc, tscinvbit, bmi1, bmi2, adx, fma, clflush, clflushopt

Memory: 4k page, system-wide physical 16252M (8756M free)
TotalPageFile size 18684M (AvailPageFile size 6154M)
current process WorkingSet (physical memory assigned to process): 52M, peak: 60M
current process commit charge ("private bytes"): 348M, peak: 355M

vm_info: Java HotSpot(TM) 64-Bit Server VM (15.0.2+7-27) for windows-amd64 JRE (15.0.2+7-27), built on Dec  7 2020 20:07:01 by "mach5one" with unknown MS VC++:1925

END.
