<?xml version="1.0" encoding="UTF-8" standalone="no"?>
<!DOCTYPE log SYSTEM "logger.dtd">
<log>
<record>
  <date>2021-09-08T19:48:14.215-0300</date>
  <logger>VINICIUS SOUSA AZEVEDO</logger>
  <level>FINE</level>
  <message>File 120110338-VINICIUS SOUSA AZEVEDO.zip was received. It was sent by VINICIUS SOUSA AZEVEDO from IP 25.8.25.49 at 08-09-2021 19*48*14</message>
</record>
</log>
<?xml version="1.0" encoding="UTF-8" standalone="no"?>
<!DOCTYPE log SYSTEM "logger.dtd">
<log>
<record>
  <date>2021-09-09T15:05:22.725-0300</date>
  <logger>VINICIUS SOUSA AZEVEDO</logger>
  <level>FINE</level>
  <message>File 120110338-VINICIUS SOUSA AZEVEDO.zip was received. It was sent by VINICIUS SOUSA AZEVEDO from IP 25.8.25.49 at 09-09-2021 15*05*22</message>
</record>
</log>
<?xml version="1.0" encoding="UTF-8" standalone="no"?>
<!DOCTYPE log SYSTEM "logger.dtd">
<log>
<record>
  <date>2021-09-09T15:07:12.870-0300</date>
  <logger>VINICIUS SOUSA AZEVEDO</logger>
  <level>FINE</level>
  <message>File 120110338-VINICIUS SOUSA AZEVEDO.zip was received. It was sent by VINICIUS SOUSA AZEVEDO from IP 25.8.25.49 at 09-09-2021 15*07*12</message>
</record>
</log>
<?xml version="1.0" encoding="UTF-8" standalone="no"?>
<!DOCTYPE log SYSTEM "logger.dtd">
<log>
<record>
  <date>2021-09-09T16:09:48.284-0300</date>
  <logger>VINICIUS SOUSA AZEVEDO</logger>
  <level>FINE</level>
  <message>File 120110338-VINICIUS SOUSA AZEVEDO.zip was received. It was sent by VINICIUS SOUSA AZEVEDO from IP 25.8.25.49 at 09-09-2021 16*09*48</message>
</record>
</log>
<?xml version="1.0" encoding="UTF-8" standalone="no"?>
<!DOCTYPE log SYSTEM "logger.dtd">
<log>
<record>
  <date>2021-09-09T16:24:57.365-0300</date>
  <logger>VINICIUS SOUSA AZEVEDO</logger>
  <level>FINE</level>
  <message>File 120110338-VINICIUS SOUSA AZEVEDO.zip was received. It was sent by VINICIUS SOUSA AZEVEDO from IP 10.10.250.90 at 09-09-2021 16*24*57</message>
</record>
