<?xml version="1.0" encoding="UTF-8" standalone="no"?>
<!DOCTYPE log SYSTEM "logger.dtd">
<log>
<record>
  <date>2021-08-02T18:34:49.917-0300</date>
  <logger>VINICIUS SOUSA AZEVEDO</logger>
  <level>FINE</level>
  <message>File 120110338-VINICIUS SOUSA AZEVEDO.zip was received. It was sent by VINICIUS SOUSA AZEVEDO from IP 10.10.250.48 at 02-08-2021 18*34*49</message>
</record>
</log>
<?xml version="1.0" encoding="UTF-8" standalone="no"?>
<!DOCTYPE log SYSTEM "logger.dtd">
<log>
<record>
  <date>2021-08-04T15:54:20.188-0300</date>
  <logger>VINICIUS SOUSA AZEVEDO</logger>
  <level>FINE</level>
  <message>File 120110338-VINICIUS SOUSA AZEVEDO.zip was received. It was sent by VINICIUS SOUSA AZEVEDO from IP 10.10.250.36 at 04-08-2021 15*54*20</message>
</record>
</log>
<?xml version="1.0" encoding="UTF-8" standalone="no"?>
<!DOCTYPE log SYSTEM "logger.dtd">
<log>
<record>
  <date>2021-08-04T16:01:18.327-0300</date>
  <logger>VINICIUS SOUSA AZEVEDO</logger>
  <level>FINE</level>
  <message>File 120110338-VINICIUS SOUSA AZEVEDO.zip was received. It was sent by VINICIUS SOUSA AZEVEDO from IP 10.10.250.36 at 04-08-2021 16*01*18</message>
</record>
</log>
<?xml version="1.0" encoding="UTF-8" standalone="no"?>
<!DOCTYPE log SYSTEM "logger.dtd">
<log>
<record>
  <date>2021-08-05T08:23:52.842-0300</date>
  <logger>VINICIUS SOUSA AZEVEDO</logger>
  <level>FINE</level>
  <message>File 120110338-VINICIUS SOUSA AZEVEDO.zip was received. It was sent by VINICIUS SOUSA AZEVEDO from IP 192.168.1.4 at 05-08-2021 08*23*52</message>
</record>
