#
# A fatal error has been detected by the Java Runtime Environment:
#
#  Internal Error (./open/src/hotspot/share/interpreter/oopMapCache.cpp:111), pid=14608, tid=18008
#  Error: ShouldNotReachHere()
#
# JRE version: Java(TM) SE Runtime Environment (15.0.2+7) (build 15.0.2+7-27)
# Java VM: Java HotSpot(TM) 64-Bit Server VM (15.0.2+7-27, mixed mode, sharing, tiered, compressed oops, g1 gc, windows-amd64)
# No core dump will be written. Minidumps are not enabled by default on client versions of Windows
#
# If you would like to submit a bug report, please visit:
#   https://bugreport.java.com/bugreport/crash.jsp
#

---------------  S U M M A R Y ------------

Command Line: -XX:+ShowCodeDetailsInExceptionMessages -agentlib:jdwp=transport=dt_socket,suspend=y,address=localhost:51367 -ea -javaagent:C:\Users\sousa\eclipse\java-2021-03\eclipse\configuration\org.eclipse.osgi\222\0\.cp\lib\javaagent-shaded.jar -Dfile.encoding=UTF-8 org.eclipse.jdt.internal.junit.runner.RemoteTestRunner -version 3 -port 51366 -testLoaderClass org.eclipse.jdt.internal.junit4.runner.JUnit4TestLoader -loaderpluginname org.eclipse.jdt.junit4.runtime -classNames sorting.test.StudentSortingTest

Host: Intel(R) Core(TM) i7-7700HQ CPU @ 2.80GHz, 8 cores, 15G,  Windows 10 , 64 bit Build 19041 (10.0.19041.1023)
Time: Wed Jul 21 16:40:38 2021 Hora Padrão de Buenos Aires elapsed time: 2979.243464 seconds (0d 0h 49m 39s)

---------------  T H R E A D  ---------------

Current thread (0x000002237f9442c0):  JavaThread "JDWP Transport Listener: dt_socket" daemon [_thread_in_vm, id=18008, stack(0x0000009671000000,0x0000009671100000)] _threads_hazard_ptr=0x00000223062e1780

Stack: [0x0000009671000000,0x0000009671100000]
Native frames: (J=compiled Java code, j=interpreted, Vv=VM code, C=native code)
V  [jvm.dll+0x62ae9a]
V  [jvm.dll+0x7817a9]
V  [jvm.dll+0x782f03]
V  [jvm.dll+0x783517]
V  [jvm.dll+0x21628c]
V  [jvm.dll+0x2161d3]
V  [jvm.dll+0x619eea]
V  [jvm.dll+0x619ba3]
V  [jvm.dll+0x5df278]
V  [jvm.dll+0x77876f]
V  [jvm.dll+0x4f02e1]
V  [jvm.dll+0x7882b5]
V  [jvm.dll+0x4d40ea]
V  [jvm.dll+0x49526b]
C  [jdwp.dll+0x796b]


---------------  P R O C E S S  ---------------

Threads class SMR info:
_java_thread_list=0x00000223062e1780, length=15, elements={
0x0000022361743510, 0x000002237ee6a470, 0x000002237ee6d700, 0x000002237ee7e0b0,
0x000002237ee7ea70, 0x000002237f7a9500, 0x000002237f7b5720, 0x000002237f7aa360,
0x000002237f7bc150, 0x000002237f7cc320, 0x000002237f9442c0, 0x000002237f960410,
0x000002237f960900, 0x000002237faf50d0, 0x000002237fb49620
}

Java Threads: ( => current thread )
  0x0000022361743510 JavaThread "main" [_thread_blocked, id=5044, stack(0x000000966ff00000,0x0000009670000000)]
  0x000002237ee6a470 JavaThread "Reference Handler" daemon [_thread_blocked, id=9440, stack(0x0000009670600000,0x0000009670700000)]
  0x000002237ee6d700 JavaThread "Finalizer" daemon [_thread_blocked, id=18276, stack(0x0000009670700000,0x0000009670800000)]
  0x000002237ee7e0b0 JavaThread "Signal Dispatcher" daemon [_thread_blocked, id=11536, stack(0x0000009670800000,0x0000009670900000)]
  0x000002237ee7ea70 JavaThread "Attach Listener" daemon [_thread_blocked, id=2468, stack(0x0000009670900000,0x0000009670a00000)]
  0x000002237f7a9500 JavaThread "Service Thread" daemon [_thread_blocked, id=632, stack(0x0000009670a00000,0x0000009670b00000)]
  0x000002237f7b5720 JavaThread "C2 CompilerThread0" daemon [_thread_blocked, id=16036, stack(0x0000009670b00000,0x0000009670c00000)]
  0x000002237f7aa360 JavaThread "C1 CompilerThread0" daemon [_thread_blocked, id=9612, stack(0x0000009670c00000,0x0000009670d00000)]
  0x000002237f7bc150 JavaThread "Sweeper thread" daemon [_thread_blocked, id=4568, stack(0x0000009670d00000,0x0000009670e00000)]
  0x000002237f7cc320 JavaThread "Common-Cleaner" daemon [_thread_blocked, id=4136, stack(0x0000009670e00000,0x0000009670f00000)]
=>0x000002237f9442c0 JavaThread "JDWP Transport Listener: dt_socket" daemon [_thread_in_vm, id=18008, stack(0x0000009671000000,0x0000009671100000)] _threads_hazard_ptr=0x00000223062e1780
  0x000002237f960410 JavaThread "JDWP Event Helper Thread" daemon [_thread_blocked, id=2764, stack(0x0000009671100000,0x0000009671200000)]
  0x000002237f960900 JavaThread "JDWP Command Reader" daemon [_thread_in_native, id=4024, stack(0x0000009671200000,0x0000009671300000)]
  0x000002237faf50d0 JavaThread "Notification Thread" daemon [_thread_blocked, id=7680, stack(0x0000009671300000,0x0000009671400000)]
  0x000002237fb49620 JavaThread "ReaderThread" [_thread_in_native, id=15612, stack(0x0000009671500000,0x0000009671600000)]

Other Threads:
  0x000002237ee68540 VMThread "VM Thread" [stack: 0x0000009670500000,0x0000009670600000] [id=5060]
  0x0000022361744450 WatcherThread [stack: 0x0000009671400000,0x0000009671500000] [id=5244]
  0x0000022361794840 GCTaskThread "GC Thread#0" [stack: 0x0000009670000000,0x0000009670100000] [id=4124]
  0x00000223617a5e40 ConcurrentGCThread "G1 Main Marker" [stack: 0x0000009670100000,0x0000009670200000] [id=8868]
  0x00000223617a6940 ConcurrentGCThread "G1 Conc#0" [stack: 0x0000009670200000,0x0000009670300000] [id=19320]
  0x000002237ece20c0 ConcurrentGCThread "G1 Refine#0" [stack: 0x0000009670300000,0x0000009670400000] [id=8116]
  0x000002237ece2bd0 ConcurrentGCThread "G1 Young RemSet Sampling" [stack: 0x0000009670400000,0x0000009670500000] [id=13548]

Threads with active compile tasks:

VM state: not at safepoint (normal execution)

VM Mutex/Monitor currently owned by a thread: None

Heap address: 0x0000000702000000, size: 4064 MB, Compressed Oops mode: Zero based, Oop shift amount: 3
CDS archive(s) mapped at: [0x0000000800000000-0x0000000800b50000-0x0000000800b50000), size 11862016, SharedBaseAddress: 0x0000000800000000, ArchiveRelocationMode: 0.
Compressed class space mapped at: 0x0000000800b50000-0x0000000840b50000, size: 1073741824
Narrow klass base: 0x0000000800000000, Narrow klass shift: 3, Narrow klass range: 0x100000000

GC Precious Log:
 CPUs: 8 total, 8 available
 Memory: 16252M
 Large Page Support: Disabled
 NUMA Support: Disabled
 Compressed Oops: Enabled (Zero based)
 Heap Region Size: 2M
 Heap Min Capacity: 8M
 Heap Initial Capacity: 254M
 Heap Max Capacity: 4064M
 Pre-touch: Disabled
 Parallel Workers: 8
 Concurrent Workers: 2
 Concurrent Refinement Workers: 8
 Periodic GC: Disabled

Heap:
 garbage-first heap   total 260096K, used 12288K [0x0000000702000000, 0x0000000800000000)
  region size 2048K, 7 young (14336K), 0 survivors (0K)
 Metaspace       used 4472K, capacity 5471K, committed 5632K, reserved 1056768K
  class space    used 439K, capacity 499K, committed 512K, reserved 1048576K

Heap Regions: E=young(eden), S=young(survivor), O=old, HS=humongous(starts), HC=humongous(continues), CS=collection set, F=free, OA=open archive, CA=closed archive, TAMS=top-at-mark-start (previous, next)
|   0|0x0000000702000000, 0x0000000702000000, 0x0000000702200000|  0%| F|  |TAMS 0x0000000702000000, 0x0000000702000000| Untracked 
|   1|0x0000000702200000, 0x0000000702200000, 0x0000000702400000|  0%| F|  |TAMS 0x0000000702200000, 0x0000000702200000| Untracked 
|   2|0x0000000702400000, 0x0000000702400000, 0x0000000702600000|  0%| F|  |TAMS 0x0000000702400000, 0x0000000702400000| Untracked 
|   3|0x0000000702600000, 0x0000000702600000, 0x0000000702800000|  0%| F|  |TAMS 0x0000000702600000, 0x0000000702600000| Untracked 
|   4|0x0000000702800000, 0x0000000702800000, 0x0000000702a00000|  0%| F|  |TAMS 0x0000000702800000, 0x0000000702800000| Untracked 
|   5|0x0000000702a00000, 0x0000000702a00000, 0x0000000702c00000|  0%| F|  |TAMS 0x0000000702a00000, 0x0000000702a00000| Untracked 
|   6|0x0000000702c00000, 0x0000000702c00000, 0x0000000702e00000|  0%| F|  |TAMS 0x0000000702c00000, 0x0000000702c00000| Untracked 
|   7|0x0000000702e00000, 0x0000000702e00000, 0x0000000703000000|  0%| F|  |TAMS 0x0000000702e00000, 0x0000000702e00000| Untracked 
|   8|0x0000000703000000, 0x0000000703000000, 0x0000000703200000|  0%| F|  |TAMS 0x0000000703000000, 0x0000000703000000| Untracked 
|   9|0x0000000703200000, 0x0000000703200000, 0x0000000703400000|  0%| F|  |TAMS 0x0000000703200000, 0x0000000703200000| Untracked 
|  10|0x0000000703400000, 0x0000000703400000, 0x0000000703600000|  0%| F|  |TAMS 0x0000000703400000, 0x0000000703400000| Untracked 
|  11|0x0000000703600000, 0x0000000703600000, 0x0000000703800000|  0%| F|  |TAMS 0x0000000703600000, 0x0000000703600000| Untracked 
|  12|0x0000000703800000, 0x0000000703800000, 0x0000000703a00000|  0%| F|  |TAMS 0x0000000703800000, 0x0000000703800000| Untracked 
|  13|0x0000000703a00000, 0x0000000703a00000, 0x0000000703c00000|  0%| F|  |TAMS 0x0000000703a00000, 0x0000000703a00000| Untracked 
|  14|0x0000000703c00000, 0x0000000703c00000, 0x0000000703e00000|  0%| F|  |TAMS 0x0000000703c00000, 0x0000000703c00000| Untracked 
|  15|0x0000000703e00000, 0x0000000703e00000, 0x0000000704000000|  0%| F|  |TAMS 0x0000000703e00000, 0x0000000703e00000| Untracked 
|  16|0x0000000704000000, 0x0000000704000000, 0x0000000704200000|  0%| F|  |TAMS 0x0000000704000000, 0x0000000704000000| Untracked 
|  17|0x0000000704200000, 0x0000000704200000, 0x0000000704400000|  0%| F|  |TAMS 0x0000000704200000, 0x0000000704200000| Untracked 
|  18|0x0000000704400000, 0x0000000704400000, 0x0000000704600000|  0%| F|  |TAMS 0x0000000704400000, 0x0000000704400000| Untracked 
|  19|0x0000000704600000, 0x0000000704600000, 0x0000000704800000|  0%| F|  |TAMS 0x0000000704600000, 0x0000000704600000| Untracked 
|  20|0x0000000704800000, 0x0000000704800000, 0x0000000704a00000|  0%| F|  |TAMS 0x0000000704800000, 0x0000000704800000| Untracked 
|  21|0x0000000704a00000, 0x0000000704a00000, 0x0000000704c00000|  0%| F|  |TAMS 0x0000000704a00000, 0x0000000704a00000| Untracked 
|  22|0x0000000704c00000, 0x0000000704c00000, 0x0000000704e00000|  0%| F|  |TAMS 0x0000000704c00000, 0x0000000704c00000| Untracked 
|  23|0x0000000704e00000, 0x0000000704e00000, 0x0000000705000000|  0%| F|  |TAMS 0x0000000704e00000, 0x0000000704e00000| Untracked 
|  24|0x0000000705000000, 0x0000000705000000, 0x0000000705200000|  0%| F|  |TAMS 0x0000000705000000, 0x0000000705000000| Untracked 
|  25|0x0000000705200000, 0x0000000705200000, 0x0000000705400000|  0%| F|  |TAMS 0x0000000705200000, 0x0000000705200000| Untracked 
|  26|0x0000000705400000, 0x0000000705400000, 0x0000000705600000|  0%| F|  |TAMS 0x0000000705400000, 0x0000000705400000| Untracked 
|  27|0x0000000705600000, 0x0000000705600000, 0x0000000705800000|  0%| F|  |TAMS 0x0000000705600000, 0x0000000705600000| Untracked 
|  28|0x0000000705800000, 0x0000000705800000, 0x0000000705a00000|  0%| F|  |TAMS 0x0000000705800000, 0x0000000705800000| Untracked 
|  29|0x0000000705a00000, 0x0000000705a00000, 0x0000000705c00000|  0%| F|  |TAMS 0x0000000705a00000, 0x0000000705a00000| Untracked 
|  30|0x0000000705c00000, 0x0000000705c00000, 0x0000000705e00000|  0%| F|  |TAMS 0x0000000705c00000, 0x0000000705c00000| Untracked 
|  31|0x0000000705e00000, 0x0000000705e00000, 0x0000000706000000|  0%| F|  |TAMS 0x0000000705e00000, 0x0000000705e00000| Untracked 
|  32|0x0000000706000000, 0x0000000706000000, 0x0000000706200000|  0%| F|  |TAMS 0x0000000706000000, 0x0000000706000000| Untracked 
|  33|0x0000000706200000, 0x0000000706200000, 0x0000000706400000|  0%| F|  |TAMS 0x0000000706200000, 0x0000000706200000| Untracked 
|  34|0x0000000706400000, 0x0000000706400000, 0x0000000706600000|  0%| F|  |TAMS 0x0000000706400000, 0x0000000706400000| Untracked 
|  35|0x0000000706600000, 0x0000000706600000, 0x0000000706800000|  0%| F|  |TAMS 0x0000000706600000, 0x0000000706600000| Untracked 
|  36|0x0000000706800000, 0x0000000706800000, 0x0000000706a00000|  0%| F|  |TAMS 0x0000000706800000, 0x0000000706800000| Untracked 
|  37|0x0000000706a00000, 0x0000000706a00000, 0x0000000706c00000|  0%| F|  |TAMS 0x0000000706a00000, 0x0000000706a00000| Untracked 
|  38|0x0000000706c00000, 0x0000000706c00000, 0x0000000706e00000|  0%| F|  |TAMS 0x0000000706c00000, 0x0000000706c00000| Untracked 
|  39|0x0000000706e00000, 0x0000000706e00000, 0x0000000707000000|  0%| F|  |TAMS 0x0000000706e00000, 0x0000000706e00000| Untracked 
|  40|0x0000000707000000, 0x0000000707000000, 0x0000000707200000|  0%| F|  |TAMS 0x0000000707000000, 0x0000000707000000| Untracked 
|  41|0x0000000707200000, 0x0000000707200000, 0x0000000707400000|  0%| F|  |TAMS 0x0000000707200000, 0x0000000707200000| Untracked 
|  42|0x0000000707400000, 0x0000000707400000, 0x0000000707600000|  0%| F|  |TAMS 0x0000000707400000, 0x0000000707400000| Untracked 
|  43|0x0000000707600000, 0x0000000707600000, 0x0000000707800000|  0%| F|  |TAMS 0x0000000707600000, 0x0000000707600000| Untracked 
|  44|0x0000000707800000, 0x0000000707800000, 0x0000000707a00000|  0%| F|  |TAMS 0x0000000707800000, 0x0000000707800000| Untracked 
|  45|0x0000000707a00000, 0x0000000707a00000, 0x0000000707c00000|  0%| F|  |TAMS 0x0000000707a00000, 0x0000000707a00000| Untracked 
|  46|0x0000000707c00000, 0x0000000707c00000, 0x0000000707e00000|  0%| F|  |TAMS 0x0000000707c00000, 0x0000000707c00000| Untracked 
|  47|0x0000000707e00000, 0x0000000707e00000, 0x0000000708000000|  0%| F|  |TAMS 0x0000000707e00000, 0x0000000707e00000| Untracked 
|  48|0x0000000708000000, 0x0000000708000000, 0x0000000708200000|  0%| F|  |TAMS 0x0000000708000000, 0x0000000708000000| Untracked 
|  49|0x0000000708200000, 0x0000000708200000, 0x0000000708400000|  0%| F|  |TAMS 0x0000000708200000, 0x0000000708200000| Untracked 
|  50|0x0000000708400000, 0x0000000708400000, 0x0000000708600000|  0%| F|  |TAMS 0x0000000708400000, 0x0000000708400000| Untracked 
|  51|0x0000000708600000, 0x0000000708600000, 0x0000000708800000|  0%| F|  |TAMS 0x0000000708600000, 0x0000000708600000| Untracked 
|  52|0x0000000708800000, 0x0000000708800000, 0x0000000708a00000|  0%| F|  |TAMS 0x0000000708800000, 0x0000000708800000| Untracked 
|  53|0x0000000708a00000, 0x0000000708a00000, 0x0000000708c00000|  0%| F|  |TAMS 0x0000000708a00000, 0x0000000708a00000| Untracked 
|  54|0x0000000708c00000, 0x0000000708c00000, 0x0000000708e00000|  0%| F|  |TAMS 0x0000000708c00000, 0x0000000708c00000| Untracked 
|  55|0x0000000708e00000, 0x0000000708e00000, 0x0000000709000000|  0%| F|  |TAMS 0x0000000708e00000, 0x0000000708e00000| Untracked 
|  56|0x0000000709000000, 0x0000000709000000, 0x0000000709200000|  0%| F|  |TAMS 0x0000000709000000, 0x0000000709000000| Untracked 
|  57|0x0000000709200000, 0x0000000709200000, 0x0000000709400000|  0%| F|  |TAMS 0x0000000709200000, 0x0000000709200000| Untracked 
|  58|0x0000000709400000, 0x0000000709400000, 0x0000000709600000|  0%| F|  |TAMS 0x0000000709400000, 0x0000000709400000| Untracked 
|  59|0x0000000709600000, 0x0000000709600000, 0x0000000709800000|  0%| F|  |TAMS 0x0000000709600000, 0x0000000709600000| Untracked 
|  60|0x0000000709800000, 0x0000000709800000, 0x0000000709a00000|  0%| F|  |TAMS 0x0000000709800000, 0x0000000709800000| Untracked 
|  61|0x0000000709a00000, 0x0000000709a00000, 0x0000000709c00000|  0%| F|  |TAMS 0x0000000709a00000, 0x0000000709a00000| Untracked 
|  62|0x0000000709c00000, 0x0000000709c00000, 0x0000000709e00000|  0%| F|  |TAMS 0x0000000709c00000, 0x0000000709c00000| Untracked 
|  63|0x0000000709e00000, 0x0000000709e00000, 0x000000070a000000|  0%| F|  |TAMS 0x0000000709e00000, 0x0000000709e00000| Untracked 
|  64|0x000000070a000000, 0x000000070a000000, 0x000000070a200000|  0%| F|  |TAMS 0x000000070a000000, 0x000000070a000000| Untracked 
|  65|0x000000070a200000, 0x000000070a200000, 0x000000070a400000|  0%| F|  |TAMS 0x000000070a200000, 0x000000070a200000| Untracked 
|  66|0x000000070a400000, 0x000000070a400000, 0x000000070a600000|  0%| F|  |TAMS 0x000000070a400000, 0x000000070a400000| Untracked 
|  67|0x000000070a600000, 0x000000070a600000, 0x000000070a800000|  0%| F|  |TAMS 0x000000070a600000, 0x000000070a600000| Untracked 
|  68|0x000000070a800000, 0x000000070a800000, 0x000000070aa00000|  0%| F|  |TAMS 0x000000070a800000, 0x000000070a800000| Untracked 
|  69|0x000000070aa00000, 0x000000070aa00000, 0x000000070ac00000|  0%| F|  |TAMS 0x000000070aa00000, 0x000000070aa00000| Untracked 
|  70|0x000000070ac00000, 0x000000070ac00000, 0x000000070ae00000|  0%| F|  |TAMS 0x000000070ac00000, 0x000000070ac00000| Untracked 
|  71|0x000000070ae00000, 0x000000070ae00000, 0x000000070b000000|  0%| F|  |TAMS 0x000000070ae00000, 0x000000070ae00000| Untracked 
|  72|0x000000070b000000, 0x000000070b000000, 0x000000070b200000|  0%| F|  |TAMS 0x000000070b000000, 0x000000070b000000| Untracked 
|  73|0x000000070b200000, 0x000000070b200000, 0x000000070b400000|  0%| F|  |TAMS 0x000000070b200000, 0x000000070b200000| Untracked 
|  74|0x000000070b400000, 0x000000070b400000, 0x000000070b600000|  0%| F|  |TAMS 0x000000070b400000, 0x000000070b400000| Untracked 
|  75|0x000000070b600000, 0x000000070b600000, 0x000000070b800000|  0%| F|  |TAMS 0x000000070b600000, 0x000000070b600000| Untracked 
|  76|0x000000070b800000, 0x000000070b800000, 0x000000070ba00000|  0%| F|  |TAMS 0x000000070b800000, 0x000000070b800000| Untracked 
|  77|0x000000070ba00000, 0x000000070ba00000, 0x000000070bc00000|  0%| F|  |TAMS 0x000000070ba00000, 0x000000070ba00000| Untracked 
|  78|0x000000070bc00000, 0x000000070bc00000, 0x000000070be00000|  0%| F|  |TAMS 0x000000070bc00000, 0x000000070bc00000| Untracked 
|  79|0x000000070be00000, 0x000000070be00000, 0x000000070c000000|  0%| F|  |TAMS 0x000000070be00000, 0x000000070be00000| Untracked 
|  80|0x000000070c000000, 0x000000070c000000, 0x000000070c200000|  0%| F|  |TAMS 0x000000070c000000, 0x000000070c000000| Untracked 
|  81|0x000000070c200000, 0x000000070c200000, 0x000000070c400000|  0%| F|  |TAMS 0x000000070c200000, 0x000000070c200000| Untracked 
|  82|0x000000070c400000, 0x000000070c400000, 0x000000070c600000|  0%| F|  |TAMS 0x000000070c400000, 0x000000070c400000| Untracked 
|  83|0x000000070c600000, 0x000000070c600000, 0x000000070c800000|  0%| F|  |TAMS 0x000000070c600000, 0x000000070c600000| Untracked 
|  84|0x000000070c800000, 0x000000070c800000, 0x000000070ca00000|  0%| F|  |TAMS 0x000000070c800000, 0x000000070c800000| Untracked 
|  85|0x000000070ca00000, 0x000000070ca00000, 0x000000070cc00000|  0%| F|  |TAMS 0x000000070ca00000, 0x000000070ca00000| Untracked 
|  86|0x000000070cc00000, 0x000000070cc00000, 0x000000070ce00000|  0%| F|  |TAMS 0x000000070cc00000, 0x000000070cc00000| Untracked 
|  87|0x000000070ce00000, 0x000000070ce00000, 0x000000070d000000|  0%| F|  |TAMS 0x000000070ce00000, 0x000000070ce00000| Untracked 
|  88|0x000000070d000000, 0x000000070d000000, 0x000000070d200000|  0%| F|  |TAMS 0x000000070d000000, 0x000000070d000000| Untracked 
|  89|0x000000070d200000, 0x000000070d200000, 0x000000070d400000|  0%| F|  |TAMS 0x000000070d200000, 0x000000070d200000| Untracked 
|  90|0x000000070d400000, 0x000000070d400000, 0x000000070d600000|  0%| F|  |TAMS 0x000000070d400000, 0x000000070d400000| Untracked 
|  91|0x000000070d600000, 0x000000070d600000, 0x000000070d800000|  0%| F|  |TAMS 0x000000070d600000, 0x000000070d600000| Untracked 
|  92|0x000000070d800000, 0x000000070d800000, 0x000000070da00000|  0%| F|  |TAMS 0x000000070d800000, 0x000000070d800000| Untracked 
|  93|0x000000070da00000, 0x000000070da00000, 0x000000070dc00000|  0%| F|  |TAMS 0x000000070da00000, 0x000000070da00000| Untracked 
|  94|0x000000070dc00000, 0x000000070dc00000, 0x000000070de00000|  0%| F|  |TAMS 0x000000070dc00000, 0x000000070dc00000| Untracked 
|  95|0x000000070de00000, 0x000000070de00000, 0x000000070e000000|  0%| F|  |TAMS 0x000000070de00000, 0x000000070de00000| Untracked 
|  96|0x000000070e000000, 0x000000070e000000, 0x000000070e200000|  0%| F|  |TAMS 0x000000070e000000, 0x000000070e000000| Untracked 
|  97|0x000000070e200000, 0x000000070e200000, 0x000000070e400000|  0%| F|  |TAMS 0x000000070e200000, 0x000000070e200000| Untracked 
|  98|0x000000070e400000, 0x000000070e400000, 0x000000070e600000|  0%| F|  |TAMS 0x000000070e400000, 0x000000070e400000| Untracked 
|  99|0x000000070e600000, 0x000000070e600000, 0x000000070e800000|  0%| F|  |TAMS 0x000000070e600000, 0x000000070e600000| Untracked 
| 100|0x000000070e800000, 0x000000070e800000, 0x000000070ea00000|  0%| F|  |TAMS 0x000000070e800000, 0x000000070e800000| Untracked 
| 101|0x000000070ea00000, 0x000000070ea00000, 0x000000070ec00000|  0%| F|  |TAMS 0x000000070ea00000, 0x000000070ea00000| Untracked 
| 102|0x000000070ec00000, 0x000000070ec00000, 0x000000070ee00000|  0%| F|  |TAMS 0x000000070ec00000, 0x000000070ec00000| Untracked 
| 103|0x000000070ee00000, 0x000000070ee00000, 0x000000070f000000|  0%| F|  |TAMS 0x000000070ee00000, 0x000000070ee00000| Untracked 
| 104|0x000000070f000000, 0x000000070f000000, 0x000000070f200000|  0%| F|  |TAMS 0x000000070f000000, 0x000000070f000000| Untracked 
| 105|0x000000070f200000, 0x000000070f200000, 0x000000070f400000|  0%| F|  |TAMS 0x000000070f200000, 0x000000070f200000| Untracked 
| 106|0x000000070f400000, 0x000000070f400000, 0x000000070f600000|  0%| F|  |TAMS 0x000000070f400000, 0x000000070f400000| Untracked 
| 107|0x000000070f600000, 0x000000070f600000, 0x000000070f800000|  0%| F|  |TAMS 0x000000070f600000, 0x000000070f600000| Untracked 
| 108|0x000000070f800000, 0x000000070f800000, 0x000000070fa00000|  0%| F|  |TAMS 0x000000070f800000, 0x000000070f800000| Untracked 
| 109|0x000000070fa00000, 0x000000070fa00000, 0x000000070fc00000|  0%| F|  |TAMS 0x000000070fa00000, 0x000000070fa00000| Untracked 
| 110|0x000000070fc00000, 0x000000070fc00000, 0x000000070fe00000|  0%| F|  |TAMS 0x000000070fc00000, 0x000000070fc00000| Untracked 
| 111|0x000000070fe00000, 0x000000070fe00000, 0x0000000710000000|  0%| F|  |TAMS 0x000000070fe00000, 0x000000070fe00000| Untracked 
| 112|0x0000000710000000, 0x0000000710000000, 0x0000000710200000|  0%| F|  |TAMS 0x0000000710000000, 0x0000000710000000| Untracked 
| 113|0x0000000710200000, 0x0000000710200000, 0x0000000710400000|  0%| F|  |TAMS 0x0000000710200000, 0x0000000710200000| Untracked 
| 114|0x0000000710400000, 0x0000000710400000, 0x0000000710600000|  0%| F|  |TAMS 0x0000000710400000, 0x0000000710400000| Untracked 
| 115|0x0000000710600000, 0x0000000710600000, 0x0000000710800000|  0%| F|  |TAMS 0x0000000710600000, 0x0000000710600000| Untracked 
| 116|0x0000000710800000, 0x0000000710800000, 0x0000000710a00000|  0%| F|  |TAMS 0x0000000710800000, 0x0000000710800000| Untracked 
| 117|0x0000000710a00000, 0x0000000710a00000, 0x0000000710c00000|  0%| F|  |TAMS 0x0000000710a00000, 0x0000000710a00000| Untracked 
| 118|0x0000000710c00000, 0x0000000710c00000, 0x0000000710e00000|  0%| F|  |TAMS 0x0000000710c00000, 0x0000000710c00000| Untracked 
| 119|0x0000000710e00000, 0x0000000710e00000, 0x0000000711000000|  0%| F|  |TAMS 0x0000000710e00000, 0x0000000710e00000| Untracked 
| 120|0x0000000711000000, 0x00000007110e3468, 0x0000000711200000| 44%| E|  |TAMS 0x0000000711000000, 0x0000000711000000| Complete 
| 121|0x0000000711200000, 0x0000000711400000, 0x0000000711400000|100%| E|CS|TAMS 0x0000000711200000, 0x0000000711200000| Complete 
| 122|0x0000000711400000, 0x0000000711600000, 0x0000000711600000|100%| E|CS|TAMS 0x0000000711400000, 0x0000000711400000| Complete 
| 123|0x0000000711600000, 0x0000000711800000, 0x0000000711800000|100%| E|CS|TAMS 0x0000000711600000, 0x0000000711600000| Complete 
| 124|0x0000000711800000, 0x0000000711a00000, 0x0000000711a00000|100%| E|CS|TAMS 0x0000000711800000, 0x0000000711800000| Complete 
| 125|0x0000000711a00000, 0x0000000711c00000, 0x0000000711c00000|100%| E|CS|TAMS 0x0000000711a00000, 0x0000000711a00000| Complete 
| 126|0x0000000711c00000, 0x0000000711e00000, 0x0000000711e00000|100%| E|CS|TAMS 0x0000000711c00000, 0x0000000711c00000| Complete 

Card table byte_map: [0x00000223794a0000,0x0000022379c90000] _byte_map_base: 0x0000022375c90000

Marking Bits (Prev, Next): (CMBitMap*) 0x0000022361794f40, (CMBitMap*) 0x0000022361794f80
 Prev Bits: [0x000002237a480000, 0x000002237e400000)
 Next Bits: [0x0000022300000000, 0x0000022303f80000)

Polling page: 0x000002235f6e0000

Metaspace:

Usage:
  Non-class:      4.86 MB capacity,     3.94 MB ( 81%) used,   937.10 KB ( 19%) free+waste,     2.31 KB ( <1%) overhead. 
      Class:    499.00 KB capacity,   439.87 KB ( 88%) used,    58.01 KB ( 12%) free+waste,     1.12 KB ( <1%) overhead. 
       Both:      5.34 MB capacity,     4.37 MB ( 82%) used,   995.11 KB ( 18%) free+waste,     3.44 KB ( <1%) overhead. 

Virtual space:
  Non-class space:        8.00 MB reserved,       5.00 MB ( 62%) committed 
      Class space:        1.00 GB reserved,     512.00 KB ( <1%) committed 
             Both:        1.01 GB reserved,       5.50 MB ( <1%) committed 

Chunk freelists:
   Non-Class:  20.00 KB
       Class:  13.00 KB
        Both:  33.00 KB

MaxMetaspaceSize: 17179869184.00 GB
CompressedClassSpaceSize: 1.00 GB

CodeHeap 'non-profiled nmethods': size=120000Kb used=250Kb max_used=250Kb free=119749Kb
 bounds [0x0000022371450000, 0x00000223716c0000, 0x0000022378980000]
CodeHeap 'profiled nmethods': size=120000Kb used=1304Kb max_used=1304Kb free=118696Kb
 bounds [0x0000022369f20000, 0x000002236a190000, 0x0000022371450000]
CodeHeap 'non-nmethods': size=5760Kb used=1236Kb max_used=1255Kb free=4524Kb
 bounds [0x0000022369980000, 0x0000022369bf0000, 0x0000022369f20000]
 total_blobs=1151 nmethods=749 adapters=315
 compilation: enabled
              stopped_count=0, restarted_count=0
 full_count=0

Compilation events (20 events):
Event: 0.607 Thread 0x000002237f7aa360  740       3       java.util.zip.ZipUtils::CENFLG (9 bytes)
Event: 0.607 Thread 0x000002237f7aa360 nmethod 740 0x000002236a05cd10 code [0x000002236a05cec0, 0x000002236a05d058]
Event: 0.607 Thread 0x000002237f7aa360  741   !   3       java.util.jar.JarFile::isMultiRelease (33 bytes)
Event: 0.607 Thread 0x000002237f7aa360 nmethod 741 0x000002236a05d190 code [0x000002236a05d340, 0x000002236a05d528]
Event: 0.607 Thread 0x000002237f7aa360  742       1       java.util.jar.Manifest::getMainAttributes (5 bytes)
Event: 0.607 Thread 0x000002237f7aa360 nmethod 742 0x000002237148c690 code [0x000002237148c820, 0x000002237148c8d8]
Event: 0.607 Thread 0x000002237f7aa360  743       1       org.eclipse.jdt.launching.internal.org.objectweb.asm.ClassReader::getMaxStringLength (5 bytes)
Event: 0.607 Thread 0x000002237f7aa360 nmethod 743 0x000002237148c990 code [0x000002237148cb20, 0x000002237148cbd8]
Event: 0.607 Thread 0x000002237f7aa360  745       1       org.eclipse.jdt.launching.internal.org.objectweb.asm.SymbolTable::getConstantPoolCount (5 bytes)
Event: 0.607 Thread 0x000002237f7aa360 nmethod 745 0x000002237148cc90 code [0x000002237148ce20, 0x000002237148ced8]
Event: 0.607 Thread 0x000002237f7b5720 nmethod 744 0x000002237148cf90 code [0x000002237148d100, 0x000002237148d198]
Event: 0.607 Thread 0x000002237f7aa360  746       3       jdk.internal.loader.ClassLoaders$AppClassLoader::loadClass (40 bytes)
Event: 0.608 Thread 0x000002237f7aa360 nmethod 746 0x000002236a05d610 code [0x000002236a05d860, 0x000002236a05e1d8]
Event: 0.608 Thread 0x000002237f7aa360  747       3       java.util.jar.JarFile::maybeInstantiateVerifier (42 bytes)
Event: 0.608 Thread 0x000002237f7aa360 nmethod 747 0x000002236a05e590 code [0x000002236a05e760, 0x000002236a05ea98]
Event: 0.608 Thread 0x000002237f7aa360  748       3       java.util.LinkedHashMap::get (29 bytes)
Event: 0.608 Thread 0x000002237f7aa360 nmethod 748 0x000002236a05ec10 code [0x000002236a05edc0, 0x000002236a05f018]
Event: 0.609 Thread 0x000002237faad0f0 nmethod 720 0x000002237148d290 code [0x000002237148d460, 0x000002237148e318]
Event: 0.609 Thread 0x000002237f7aa360  749       3       org.eclipse.jdt.launching.internal.org.objectweb.asm.ClassWriter::toByteArray (1535 bytes)
Event: 0.615 Thread 0x000002237f7aa360 nmethod 749 0x000002236a05f110 code [0x000002236a05fa40, 0x000002236a063c78]

GC Heap History (0 events):
No events

Deoptimization events (20 events):
Event: 0.575 Thread 0x0000022361743510 DEOPT PACKING pc=0x00000223714730f4 sp=0x000000966fffe630
Event: 0.575 Thread 0x0000022361743510 DEOPT UNPACKING pc=0x00000223699ce42f sp=0x000000966fffe5a0 mode 2
Event: 0.576 Thread 0x0000022361743510 Uncommon trap: trap_request=0xffffff45 fr.pc=0x00000223714777fc relative=0x000000000000073c
Event: 0.576 Thread 0x0000022361743510 Uncommon trap: reason=unstable_if action=reinterpret pc=0x00000223714777fc method=org.eclipse.jdt.launching.internal.org.objectweb.asm.ClassReader.readUtf(II[C)Ljava/lang/String; @ 41 c2
Event: 0.576 Thread 0x0000022361743510 DEOPT PACKING pc=0x00000223714777fc sp=0x000000966fffc570
Event: 0.576 Thread 0x0000022361743510 DEOPT UNPACKING pc=0x00000223699ce42f sp=0x000000966fffc558 mode 2
Event: 0.577 Thread 0x0000022361743510 Uncommon trap: trap_request=0xffffff45 fr.pc=0x00000223714596ec relative=0x000000000000024c
Event: 0.577 Thread 0x0000022361743510 Uncommon trap: reason=unstable_if action=reinterpret pc=0x00000223714596ec method=java.lang.String.isLatin1()Z @ 10 c2
Event: 0.577 Thread 0x0000022361743510 DEOPT PACKING pc=0x00000223714596ec sp=0x000000966fffc610
Event: 0.577 Thread 0x0000022361743510 DEOPT UNPACKING pc=0x00000223699ce42f sp=0x000000966fffc540 mode 2
Event: 0.580 Thread 0x0000022361743510 Uncommon trap: trap_request=0xffffff45 fr.pc=0x0000022371462f44 relative=0x0000000000000044
Event: 0.580 Thread 0x0000022361743510 Uncommon trap: reason=unstable_if action=reinterpret pc=0x0000022371462f44 method=java.lang.CharacterData.of(I)Ljava/lang/CharacterData; @ 4 c2
Event: 0.580 Thread 0x0000022361743510 DEOPT PACKING pc=0x0000022371462f44 sp=0x000000966fffe690
Event: 0.580 Thread 0x0000022361743510 DEOPT UNPACKING pc=0x00000223699ce42f sp=0x000000966fffe630 mode 2
Event: 0.586 Thread 0x0000022361743510 DEOPT PACKING pc=0x000002236a044473 sp=0x000000966fffdd50
Event: 0.586 Thread 0x0000022361743510 DEOPT UNPACKING pc=0x00000223699ce23f sp=0x000000966fffd1b0 mode 0
Event: 0.601 Thread 0x0000022361743510 DEOPT PACKING pc=0x000002236a044473 sp=0x000000966fffdd90
Event: 0.601 Thread 0x0000022361743510 DEOPT UNPACKING pc=0x00000223699ce23f sp=0x000000966fffd1f0 mode 0
Event: 0.609 Thread 0x0000022361743510 DEOPT PACKING pc=0x000002236a044473 sp=0x000000966fffd970
Event: 0.609 Thread 0x0000022361743510 DEOPT UNPACKING pc=0x00000223699ce23f sp=0x000000966fffcdd0 mode 0

Classes unloaded (0 events):
No events

Classes redefined (2 events):
Event: 17.972 Thread 0x000002237ee68540 redefined class name=sorting.variationsOfBubblesort.RecursiveBubbleSort, count=1
Event: 2948.880 Thread 0x000002237ee68540 redefined class name=sorting.variationsOfBubblesort.RecursiveBubbleSort, count=2

Internal exceptions (8 events):
Event: 0.250 Thread 0x0000022361743510 Exception <a 'java/lang/NoSuchMethodError'{0x0000000711a59710}: 'void java.lang.invoke.DirectMethodHandle$Holder.invokeStatic(java.lang.Object, java.lang.Object)'> (0x0000000711a59710) 
thrown [./open/src/hotspot/share/interpreter/linkResolver.cpp, line 782]
Event: 0.250 Thread 0x0000022361743510 Exception <a 'java/lang/NoSuchMethodError'{0x0000000711a5d3b8}: 'void java.lang.invoke.DirectMethodHandle$Holder.invokeStaticInit(java.lang.Object, java.lang.Object)'> (0x0000000711a5d3b8) 
thrown [./open/src/hotspot/share/interpreter/linkResolver.cpp, line 782]
Event: 0.338 Thread 0x0000022361743510 Exception <a 'java/lang/NoSuchMethodError'{0x0000000711bfe518}: 'java.lang.Object java.lang.invoke.DirectMethodHandle$Holder.invokeStatic(java.lang.Object)'> (0x0000000711bfe518) 
thrown [./open/src/hotspot/share/interpreter/linkResolver.cpp, line 782]
Event: 0.438 Thread 0x0000022361743510 Exception <a 'java/lang/NoSuchMethodError'{0x00000007119df0d0}: 'java.lang.Object java.lang.invoke.DirectMethodHandle$Holder.invokeStaticInit(java.lang.Object)'> (0x00000007119df0d0) 
thrown [./open/src/hotspot/share/interpreter/linkResolver.cpp, line 782]
Event: 0.521 Thread 0x0000022361743510 Exception <a 'java/lang/NoSuchMethodError'{0x0000000711582928}: 'java.lang.Object java.lang.invoke.DirectMethodHandle$Holder.invokeInterface(java.lang.Object, java.lang.Object)'> (0x0000000711582928) 
thrown [./open/src/hotspot/share/interpreter/linkResolver.cpp, line 782]
Event: 0.522 Thread 0x0000022361743510 Exception <a 'java/lang/IncompatibleClassChangeError'{0x0000000711586320}: Found class java.lang.Object, but interface was expected> (0x0000000711586320) 
thrown [./open/src/hotspot/share/interpreter/linkResolver.cpp, line 848]
Event: 0.546 Thread 0x0000022361743510 Exception <a 'java/lang/NoSuchMethodError'{0x0000000711243da8}: 'java.lang.Object java.lang.invoke.DirectMethodHandle$Holder.newInvokeSpecial(java.lang.Object, java.lang.Object, java.lang.Object, java.lang.Object, java.lang.Object)'> (0x0000000711243da8) 
thrown [./open/src/hotspot/share/interpreter/linkResolver.cpp, line 782]
Event: 2979.204 Thread 0x000002237f9442c0 Exception <a 'java/lang/LinkageError'{0x0000000711dc8e88}> (0x0000000711dc8e88) 
thrown [./open/src/hotspot/share/oops/generateOopMap.cpp, line 2137]

Events (20 events):
Event: 156.975 Executing VM operation: get/set locals
Event: 156.975 Executing VM operation: get/set locals done
Event: 156.975 Executing VM operation: GetFrameLocation
Event: 156.975 Executing VM operation: GetFrameLocation done
Event: 156.975 Executing VM operation: get/set locals
Event: 156.975 Executing VM operation: get/set locals done
Event: 2948.879 Executing VM operation: RedefineClasses
Event: 2948.883 Executing VM operation: RedefineClasses done
Event: 2948.889 Executing VM operation: ChangeBreakpoints
Event: 2948.890 Executing VM operation: ChangeBreakpoints done
Event: 2948.892 Executing VM operation: GetFrameCount
Event: 2948.892 Executing VM operation: GetFrameCount done
Event: 2948.892 Executing VM operation: GetStackTrace
Event: 2948.892 Executing VM operation: GetStackTrace done
Event: 2963.305 Executing VM operation: ChangeBreakpoints
Event: 2963.306 Executing VM operation: ChangeBreakpoints done
Event: 2966.813 Executing VM operation: ChangeBreakpoints
Event: 2966.814 Executing VM operation: ChangeBreakpoints done
Event: 2979.203 Executing VM operation: GetFrameLocation
Event: 2979.204 Executing VM operation: GetFrameLocation done


Dynamic libraries:
0x00007ff6386d0000 - 0x00007ff6386df000 	C:\Program Files\Java\jdk-15.0.2\bin\javaw.exe
0x00007ffc161b0000 - 0x00007ffc163a5000 	C:\WINDOWS\SYSTEM32\ntdll.dll
0x00007ffc14c00000 - 0x00007ffc14cbd000 	C:\WINDOWS\System32\KERNEL32.DLL
0x00007ffc13b00000 - 0x00007ffc13dc9000 	C:\WINDOWS\System32\KERNELBASE.dll
0x00007ffc13ea0000 - 0x00007ffc13fa0000 	C:\WINDOWS\System32\ucrtbase.dll
0x00007ffc10b90000 - 0x00007ffc10ba8000 	C:\Program Files\Java\jdk-15.0.2\bin\jli.dll
0x00007ffc0cf90000 - 0x00007ffc0cfa9000 	C:\Program Files\Java\jdk-15.0.2\bin\VCRUNTIME140.dll
0x00007ffc15f90000 - 0x00007ffc1603c000 	C:\WINDOWS\System32\ADVAPI32.dll
0x00007ffc15370000 - 0x00007ffc1540e000 	C:\WINDOWS\System32\msvcrt.dll
0x00007ffc150a0000 - 0x00007ffc1513b000 	C:\WINDOWS\System32\sechost.dll
0x00007ffc16040000 - 0x00007ffc1616a000 	C:\WINDOWS\System32\RPCRT4.dll
0x00007ffc14a60000 - 0x00007ffc14c00000 	C:\WINDOWS\System32\USER32.dll
0x00007ffc000e0000 - 0x00007ffc0037a000 	C:\WINDOWS\WinSxS\amd64_microsoft.windows.common-controls_6595b64144ccf1df_6.0.19041.1110_none_60b5254171f9507e\COMCTL32.dll
0x00007ffc13fa0000 - 0x00007ffc13fc2000 	C:\WINDOWS\System32\win32u.dll
0x00007ffc151c0000 - 0x00007ffc151ea000 	C:\WINDOWS\System32\GDI32.dll
0x00007ffc14110000 - 0x00007ffc1421b000 	C:\WINDOWS\System32\gdi32full.dll
0x00007ffc096e0000 - 0x00007ffc096ea000 	C:\WINDOWS\SYSTEM32\VERSION.dll
0x00007ffc13dd0000 - 0x00007ffc13e6d000 	C:\WINDOWS\System32\msvcp_win.dll
0x00007ffc15410000 - 0x00007ffc15440000 	C:\WINDOWS\System32\IMM32.DLL
0x00007ffc0f640000 - 0x00007ffc0f64c000 	C:\Program Files\Java\jdk-15.0.2\bin\vcruntime140_1.dll
0x00007ffbe47a0000 - 0x00007ffbe4831000 	C:\Program Files\Java\jdk-15.0.2\bin\msvcp140.dll
0x00007ffb89f10000 - 0x00007ffb8aa6e000 	C:\Program Files\Java\jdk-15.0.2\bin\server\jvm.dll
0x00007ffc142a0000 - 0x00007ffc142a8000 	C:\WINDOWS\System32\PSAPI.DLL
0x00007ffc0c890000 - 0x00007ffc0c899000 	C:\WINDOWS\SYSTEM32\WSOCK32.dll
0x00007ffc007a0000 - 0x00007ffc007c7000 	C:\WINDOWS\SYSTEM32\WINMM.dll
0x00007ffc14ef0000 - 0x00007ffc14f5b000 	C:\WINDOWS\System32\WS2_32.dll
0x00007ffc11820000 - 0x00007ffc11832000 	C:\WINDOWS\SYSTEM32\kernel.appcore.dll
0x00007ffc037b0000 - 0x00007ffc037ba000 	C:\Program Files\Java\jdk-15.0.2\bin\jimage.dll
0x00007ffbf8fb0000 - 0x00007ffbf9194000 	C:\WINDOWS\SYSTEM32\DBGHELP.DLL
0x00007ffbf8f80000 - 0x00007ffbf8fac000 	C:\WINDOWS\SYSTEM32\dbgcore.DLL
0x00007ffc13fd0000 - 0x00007ffc14053000 	C:\WINDOWS\System32\bcryptPrimitives.dll
0x00007ffc02a70000 - 0x00007ffc02aa9000 	C:\Program Files\Java\jdk-15.0.2\bin\jdwp.dll
0x00007ffc0c850000 - 0x00007ffc0c85e000 	C:\Program Files\Java\jdk-15.0.2\bin\instrument.dll
0x00007ffbf0c60000 - 0x00007ffbf0c85000 	C:\Program Files\Java\jdk-15.0.2\bin\java.dll
0x00007ffc15850000 - 0x00007ffc15f8f000 	C:\WINDOWS\System32\SHELL32.dll
0x00007ffc11a20000 - 0x00007ffc121b1000 	C:\WINDOWS\SYSTEM32\windows.storage.dll
0x00007ffc154f0000 - 0x00007ffc15845000 	C:\WINDOWS\System32\combase.dll
0x00007ffc13360000 - 0x00007ffc1338c000 	C:\WINDOWS\SYSTEM32\Wldp.dll
0x00007ffc148d0000 - 0x00007ffc1497e000 	C:\WINDOWS\System32\SHCORE.dll
0x00007ffc14220000 - 0x00007ffc14275000 	C:\WINDOWS\System32\shlwapi.dll
0x00007ffc13830000 - 0x00007ffc1384f000 	C:\WINDOWS\SYSTEM32\profapi.dll
0x00007ffc04110000 - 0x00007ffc0411b000 	C:\Program Files\Java\jdk-15.0.2\bin\dt_socket.dll
0x00007ffc12d60000 - 0x00007ffc12d9b000 	C:\WINDOWS\SYSTEM32\IPHLPAPI.DLL
0x00007ffc130c0000 - 0x00007ffc1312a000 	C:\WINDOWS\system32\mswsock.dll
0x00007ffc12db0000 - 0x00007ffc12e7c000 	C:\WINDOWS\SYSTEM32\DNSAPI.dll
0x00007ffc14cc0000 - 0x00007ffc14cc8000 	C:\WINDOWS\System32\NSI.dll
0x00007ffbfe220000 - 0x00007ffbfe22a000 	C:\Windows\System32\rasadhlp.dll
0x00007ffbfeb60000 - 0x00007ffbfebdf000 	C:\WINDOWS\System32\fwpuclnt.dll
0x00007ffc13e70000 - 0x00007ffc13e97000 	C:\WINDOWS\System32\bcrypt.dll
0x00007ffbfb410000 - 0x00007ffbfb428000 	C:\Program Files\Java\jdk-15.0.2\bin\zip.dll
0x00007ffc02a00000 - 0x00007ffc02a19000 	C:\Program Files\Java\jdk-15.0.2\bin\net.dll
0x00007ffc0d020000 - 0x00007ffc0d12a000 	C:\WINDOWS\SYSTEM32\WINHTTP.dll
0x00007ffbfea40000 - 0x00007ffbfea52000 	C:\Program Files\Java\jdk-15.0.2\bin\nio.dll
0x00007ffc02960000 - 0x00007ffc02970000 	C:\Program Files\Java\jdk-15.0.2\bin\verify.dll
0x00007ffc0a670000 - 0x00007ffc0a687000 	C:\WINDOWS\SYSTEM32\dhcpcsvc6.DLL
0x00007ffc09050000 - 0x00007ffc0906d000 	C:\WINDOWS\SYSTEM32\dhcpcsvc.DLL

dbghelp: loaded successfully - version: 4.0.5 - missing functions: none
symbol engine: initialized successfully - sym options: 0x614 - pdb path: .;C:\Program Files\Java\jdk-15.0.2\bin;C:\WINDOWS\SYSTEM32;C:\WINDOWS\WinSxS\amd64_microsoft.windows.common-controls_6595b64144ccf1df_6.0.19041.1110_none_60b5254171f9507e;C:\Program Files\Java\jdk-15.0.2\bin\server

VM Arguments:
jvm_args: -XX:+ShowCodeDetailsInExceptionMessages -agentlib:jdwp=transport=dt_socket,suspend=y,address=localhost:51367 -ea -javaagent:C:\Users\sousa\eclipse\java-2021-03\eclipse\configuration\org.eclipse.osgi\222\0\.cp\lib\javaagent-shaded.jar -Dfile.encoding=UTF-8 
java_command: org.eclipse.jdt.internal.junit.runner.RemoteTestRunner -version 3 -port 51366 -testLoaderClass org.eclipse.jdt.internal.junit4.runner.JUnit4TestLoader -loaderpluginname org.eclipse.jdt.junit4.runtime -classNames sorting.test.StudentSortingTest
java_class_path (initial): C:\Users\sousa\dev\leda\R01-01-Rot-SimpleSorting-Bidirectional-Bubble-environment\target\test-classes;C:\Users\sousa\dev\leda\R01-01-Rot-SimpleSorting-Bidirectional-Bubble-environment\target\classes;C:\Users\sousa\.m2\repository\junit\junit\4.12\junit-4.12.jar;C:\Users\sousa\.m2\repository\org\hamcrest\hamcrest-core\1.3\hamcrest-core-1.3.jar;C:\Users\sousa\eclipse\java-2021-03\eclipse\configuration\org.eclipse.osgi\220\0\.cp;C:\Users\sousa\eclipse\java-2021-03\eclipse\configuration\org.eclipse.osgi\219\0\.cp
Launcher Type: SUN_STANDARD

[Global flags]
     intx CICompilerCount                          = 4                                         {product} {ergonomic}
     uint ConcGCThreads                            = 2                                         {product} {ergonomic}
     uint G1ConcRefinementThreads                  = 8                                         {product} {ergonomic}
   size_t G1HeapRegionSize                         = 2097152                                   {product} {ergonomic}
    uintx GCDrainStackTargetSize                   = 64                                        {product} {ergonomic}
   size_t InitialHeapSize                          = 266338304                                 {product} {ergonomic}
   size_t MarkStackSize                            = 4194304                                   {product} {ergonomic}
   size_t MaxHeapSize                              = 4261412864                                {product} {ergonomic}
   size_t MaxNewSize                               = 2556428288                                {product} {ergonomic}
   size_t MinHeapDeltaBytes                        = 2097152                                   {product} {ergonomic}
   size_t MinHeapSize                              = 8388608                                   {product} {ergonomic}
    uintx NonNMethodCodeHeapSize                   = 5839372                                {pd product} {ergonomic}
    uintx NonProfiledCodeHeapSize                  = 122909434                              {pd product} {ergonomic}
    uintx ProfiledCodeHeapSize                     = 122909434                              {pd product} {ergonomic}
    uintx ReservedCodeCacheSize                    = 251658240                              {pd product} {ergonomic}
     bool SegmentedCodeCache                       = true                                      {product} {ergonomic}
     bool ShowCodeDetailsInExceptionMessages       = true                                   {manageable} {command line}
   size_t SoftMaxHeapSize                          = 4261412864                             {manageable} {ergonomic}
     bool UseCompressedClassPointers               = true                                 {lp64_product} {ergonomic}
     bool UseCompressedOops                        = true                                 {lp64_product} {ergonomic}
     bool UseG1GC                                  = true                                      {product} {ergonomic}
     bool UseLargePagesIndividualAllocation        = false                                  {pd product} {ergonomic}

Logging:
Log output configuration:
 #0: stdout all=warning uptime,level,tags
 #1: stderr all=off uptime,level,tags

Environment Variables:
JAVA_HOME=C:\Program Files\Java\jdk-15.0.2
PATH=C:/Program Files/Java/jdk-15.0.2/bin/server;C:/Program Files/Java/jdk-15.0.2/bin;C:\Program Files (x86)\Common Files\Oracle\Java\javapath;C:\Program Files\Common Files\Oracle\Java\javapath;C:\Windows\system32;C:\Windows;C:\Windows\System32\Wbem;C:\Windows\System32\WindowsPowerShell\v1.0\;C:\Windows\System32\OpenSSH\;C:\Program Files\NVIDIA Corporation\NVIDIA NvDLISR;C:\Program Files\Java\jdk-15.0.2\bin;C:\Program Files\Git\cmd;C:\Program Files (x86)\NVIDIA Corporation\PhysX\Common;C:\WINDOWS\system32;C:\WINDOWS;C:\WINDOWS\System32\Wbem;C:\WINDOWS\System32\WindowsPowerShell\v1.0\;C:\WINDOWS\System32\OpenSSH\;C:\Users\sousa\AppData\Local\Microsoft\WindowsApps;C:\Users\sousa\AppData\Local\GitHubDesktop\bin;C:\Users\sousa\AppData\Local\Programs\Microsoft VS Code\bin;C:\Program Files (x86)\apache-maven-3.8.1\bin;;C:\Users\sousa\OneDrive\Área de Trabalho;
USERNAME=sousa
OS=Windows_NT
PROCESSOR_IDENTIFIER=Intel64 Family 6 Model 158 Stepping 9, GenuineIntel



---------------  S Y S T E M  ---------------

OS:
 Windows 10 , 64 bit Build 19041 (10.0.19041.1023)
OS uptime: 2 days 18:34 hours

CPU: total 8 (initial active 8) (4 cores per cpu, 2 threads per core) family 6 model 158 stepping 9 microcode 0xde, cmov, cx8, fxsr, mmx, sse, sse2, sse3, ssse3, sse4.1, sse4.2, popcnt, vzeroupper, avx, avx2, aes, clmul, erms, 3dnowpref, lzcnt, ht, tsc, tscinvbit, bmi1, bmi2, adx, fma, clflush, clflushopt

Memory: 4k page, system-wide physical 16252M (8730M free)
TotalPageFile size 18684M (AvailPageFile size 5806M)
current process WorkingSet (physical memory assigned to process): 52M, peak: 59M
current process commit charge ("private bytes"): 349M, peak: 354M

vm_info: Java HotSpot(TM) 64-Bit Server VM (15.0.2+7-27) for windows-amd64 JRE (15.0.2+7-27), built on Dec  7 2020 20:07:01 by "mach5one" with unknown MS VC++:1925

END.
